2018-02-26 02:18:06 [271@dercane-Inspiron-5458]
[login] 3: isinani inició la sesión desde la IP ::1
2018-03-01 01:28:25 [@dercane-Inspiron-5458]
[login] 3: Fallo en el inicio de sesión de asd desde la IP ::1
2018-03-01 01:42:25 [@dercane-Inspiron-5458]
[login] 3: isinani inició la sesión desde la IP ::1
2018-03-07 00:14:46 [2@dercane-Inspiron-5458]
[login] 3: glpi inició la sesión desde la IP ::1
2018-03-07 22:18:14 [@dercane-Inspiron-5458]
[login] 3: isinani inició la sesión desde la IP ::1
2018-03-07 22:34:36 [@dercane-Inspiron-5458]
[login] 3: Fallo en el inicio de sesión de glpi desde la IP ::1
2018-03-07 22:34:43 [@dercane-Inspiron-5458]
[login] 3: Fallo en el inicio de sesión de glpi desde la IP ::1
2018-03-07 22:34:57 [@dercane-Inspiron-5458]
[login] 3: glpi inició la sesión desde la IP ::1
2018-03-08 01:07:24 [@dercane-Inspiron-5458]
[login] 3: isinani inició la sesión desde la IP ::1
2018-03-09 19:26:16 [@dercane-Inspiron-5458]
[login] 3: Fallo en el inicio de sesión de glpi desde la IP ::1
2018-03-09 19:26:44 [@dercane-Inspiron-5458]
[login] 3: glpi inició la sesión desde la IP ::1
2018-03-09 19:30:27 [@dercane-Inspiron-5458]
[login] 3: isinani inició la sesión desde la IP ::1
2018-03-09 19:32:14 [@dercane-Inspiron-5458]
[login] 3: Fallo en el inicio de sesión de glpi desde la IP ::1
2018-03-09 19:35:31 [@dercane-Inspiron-5458]
[login] 3: glpi inició la sesión desde la IP ::1
