2018-03-07 02:01:43 [2@dercane-Inspiron-5458]
Se ha añadido a la cola un correo para mbascope@redenlace.com.bo: [GLPI #0050020] Validación - En espera de validación test
2018-03-07 02:01:43 [2@dercane-Inspiron-5458]
Se ha añadido a la cola un correo para isinani@redenlace.com.bo: [GLPI #0050020] Validación - En espera de validación test
2018-03-07 02:01:43 [2@dercane-Inspiron-5458]
Se ha añadido a la cola un correo para jcorzon@redenlace.com.bo: [GLPI #0050020] Validación - En espera de validación test
2018-03-07 02:01:43 [2@dercane-Inspiron-5458]
Se ha añadido a la cola un correo para isinani@redenlace.com.bo: [GLPI #0050020] Nueva petición test
2018-03-07 02:01:43 [2@dercane-Inspiron-5458]
Se ha añadido a la cola un correo para jcorzon@redenlace.com.bo: [GLPI #0050020] Nueva petición test
2018-03-07 02:46:08 [2@dercane-Inspiron-5458]
Se ha añadido a la cola un correo para isinani@redenlace.com.bo: [GLPI #0050020] Actualizar una petición test
2018-03-07 02:46:08 [2@dercane-Inspiron-5458]
Se ha añadido a la cola un correo para jcorzon@redenlace.com.bo: [GLPI #0050020] Actualizar una petición test
2018-03-07 02:53:01 [2@dercane-Inspiron-5458]
Se ha añadido a la cola un correo para isinani@redenlace.com.bo: [GLPI #0050020] Actualizar una petición test
2018-03-07 02:53:01 [2@dercane-Inspiron-5458]
Se ha añadido a la cola un correo para jcorzon@redenlace.com.bo: [GLPI #0050020] Actualizar una petición test
2018-03-07 21:57:31 [2@dercane-Inspiron-5458]
Se ha añadido a la cola un correo para jortuno@redenlace.com.bo: [GLPI #0050020] Clausura de la petición test
2018-03-07 21:57:31 [2@dercane-Inspiron-5458]
Se ha añadido a la cola un correo para isinani@redenlace.com.bo: [GLPI #0050020] Clausura de la petición test
2018-03-07 21:57:31 [2@dercane-Inspiron-5458]
Se ha añadido a la cola un correo para jcorzon@redenlace.com.bo: [GLPI #0050020] Clausura de la petición test
2018-03-07 22:02:26 [2@dercane-Inspiron-5458]
Se ha añadido a la cola un correo para lamezaga@redenlace.com.bo: [GLPI #0050021] Validación - En espera de validación test2
2018-03-07 22:02:26 [2@dercane-Inspiron-5458]
Se ha añadido a la cola un correo para isinani@redenlace.com.bo: [GLPI #0050021] Validación - En espera de validación test2
2018-03-07 22:02:26 [2@dercane-Inspiron-5458]
Se ha añadido a la cola un correo para jcorzon@redenlace.com.bo: [GLPI #0050021] Validación - En espera de validación test2
2018-03-07 22:02:26 [2@dercane-Inspiron-5458]
Se ha añadido a la cola un correo para isinani@redenlace.com.bo: [GLPI #0050021] Nueva petición test2
2018-03-07 22:02:26 [2@dercane-Inspiron-5458]
Se ha añadido a la cola un correo para jcorzon@redenlace.com.bo: [GLPI #0050021] Nueva petición test2
2018-03-07 22:38:32 [2@dercane-Inspiron-5458]
Se ha enviado un correo a lamezaga@redenlace.com.bo: [GLPI #0050021] Validación - En espera de validación test2
2018-03-07 22:38:33 [2@dercane-Inspiron-5458]
Se ha enviado un correo a isinani@redenlace.com.bo: [GLPI #0050021] Validación - En espera de validación test2
2018-03-07 22:39:03 [2@dercane-Inspiron-5458]
Se ha añadido a la cola un correo para isinani@redenlace.com.bo: [GLPI #0050021] Actualizar una petición test2
2018-03-07 22:39:03 [2@dercane-Inspiron-5458]
Se ha añadido a la cola un correo para jcorzon@redenlace.com.bo: [GLPI #0050021] Actualizar una petición test2
2018-03-07 22:39:04 [2@dercane-Inspiron-5458]
Se ha enviado un correo a jcorzon@redenlace.com.bo: [GLPI #0050021] Validación - En espera de validación test2
2018-03-07 22:39:29 [2@dercane-Inspiron-5458]
Se ha enviado un correo a isinani@redenlace.com.bo: [GLPI #0050021] Actualizar una petición test2
2018-03-07 22:39:29 [2@dercane-Inspiron-5458]
Se ha enviado un correo a jcorzon@redenlace.com.bo: [GLPI #0050021] Actualizar una petición test2
2018-03-07 22:40:03 [2@dercane-Inspiron-5458]
Se ha añadido a la cola un correo para isinani@redenlace.com.bo: [GLPI #0050021] Actualizar una petición test2
2018-03-07 22:40:03 [2@dercane-Inspiron-5458]
Se ha añadido a la cola un correo para jcorzon@redenlace.com.bo: [GLPI #0050021] Actualizar una petición test2
2018-03-07 22:40:03 [2@dercane-Inspiron-5458]
Se ha enviado un correo a isinani@redenlace.com.bo: [GLPI #0050021] Actualizar una petición test2
2018-03-07 22:41:45 [2@dercane-Inspiron-5458]
Se ha añadido a la cola un correo para isinani@redenlace.com.bo: [GLPI #0050021] Actualizar una petición test2
2018-03-07 22:41:45 [2@dercane-Inspiron-5458]
Se ha añadido a la cola un correo para jcorzon@redenlace.com.bo: [GLPI #0050021] Actualizar una petición test2
2018-03-07 22:41:45 [2@dercane-Inspiron-5458]
Se ha enviado un correo a jcorzon@redenlace.com.bo: [GLPI #0050021] Actualizar una petición test2
2018-03-09 19:39:11 [2@dercane-Inspiron-5458]
Se ha añadido a la cola un correo para helpdesk@redenlace.com.bo: [GLPI] Nuevo cambio test
2018-03-09 20:26:51 [2@dercane-Inspiron-5458]
Se ha añadido a la cola un correo para jalcazar@redenlace.com.bo: [GLPI #0050022] Validación - En espera de validación test3
2018-03-09 20:26:51 [2@dercane-Inspiron-5458]
Se ha añadido a la cola un correo para isinani@redenlace.com.bo: [GLPI #0050022] Validación - En espera de validación test3
2018-03-09 20:26:51 [2@dercane-Inspiron-5458]
Se ha añadido a la cola un correo para jcorzon@redenlace.com.bo: [GLPI #0050022] Validación - En espera de validación test3
2018-03-09 20:26:51 [2@dercane-Inspiron-5458]
Se ha añadido a la cola un correo para isinani@redenlace.com.bo: [GLPI #0050022] Nueva petición test3
2018-03-09 20:26:51 [2@dercane-Inspiron-5458]
Se ha añadido a la cola un correo para jcorzon@redenlace.com.bo: [GLPI #0050022] Nueva petición test3
2018-03-09 20:26:51 [2@dercane-Inspiron-5458]
Se ha enviado un correo a jalcazar@redenlace.com.bo: [GLPI #0050022] Validación - En espera de validación test3
2018-03-12 23:08:15 [2@dercane-Inspiron-5458]
Se ha añadido a la cola un correo para jortuno@redenlace.com.bo: [GLPI #0050022] Petición resuelta test3
2018-03-12 23:08:15 [2@dercane-Inspiron-5458]
Se ha añadido a la cola un correo para isinani@redenlace.com.bo: [GLPI #0050022] Petición resuelta test3
2018-03-12 23:08:15 [2@dercane-Inspiron-5458]
Se ha añadido a la cola un correo para jcorzon@redenlace.com.bo: [GLPI #0050022] Petición resuelta test3
2018-03-12 23:08:16 [2@dercane-Inspiron-5458]
Se ha enviado un correo a isinani@redenlace.com.bo: [GLPI #0050022] Validación - En espera de validación test3
