2018-02-04 23:24:00 [@dercane-Inspiron-5458]
0 segundos for "Cambio de la estructura de la base de datos - glpi_infocoms" @ 2018-02-04 23:24:00 [@dercane-Inspiron-5458]
0 segundos for "Cambio de la estructura de la base de datos - glpi_softwarelicensetypes" @ 2018-02-04 23:24:00 [@dercane-Inspiron-5458]
0 segundos for "A침adir - Knowbase item link to tickets a la base de datos" @ 2018-02-04 23:24:01 [@dercane-Inspiron-5458]
1 segundo for "A침adir - Knowbase item revisions a la base de datos" @ 2018-02-04 23:24:01 [@dercane-Inspiron-5458]
0 segundos for "Cambio de la estructura de la base de datos - glpi_knowbaseitemtranslations" @ 2018-02-04 23:24:01 [@dercane-Inspiron-5458]
0 segundos for "A침adir - Knowbase item comments a la base de datos" @ 2018-02-04 23:24:01 [@dercane-Inspiron-5458]
0 segundos for "Cambio de la estructura de la base de datos - glpi_taskcategories" @ 2018-02-04 23:24:03 [@dercane-Inspiron-5458]
2 segundos for "Cambio de la estructura de la base de datos - glpi_documents_items" @ 2018-02-04 23:24:03 [@dercane-Inspiron-5458]
0 segundos for "Cambio de la estructura de la base de datos - glpi_computermodels" @ 2018-02-04 23:24:03 [@dercane-Inspiron-5458]
0 segundos for "Cambio de la estructura de la base de datos - glpi_printermodels" @ 2018-02-04 23:24:03 [@dercane-Inspiron-5458]
0 segundos for "Cambio de la estructura de la base de datos - glpi_networkequipmentmodels" @ 2018-02-04 23:24:03 [@dercane-Inspiron-5458]
0 segundos for "Cambio de la estructura de la base de datos - glpi_phonemodels" @ 2018-02-04 23:24:03 [@dercane-Inspiron-5458]
0 segundos for "Cambio de la estructura de la base de datos - glpi_peripheralmodels" @ 2018-02-04 23:24:03 [@dercane-Inspiron-5458]
0 segundos for "Cambio de la estructura de la base de datos - glpi_monitormodels" @ 2018-02-04 23:24:04 [@dercane-Inspiron-5458]
1 segundo for "Cambio de la estructura de la base de datos - glpi_items_devicecases" @ 2018-02-04 23:24:04 [@dercane-Inspiron-5458]
0 segundos for "Cambio de la estructura de la base de datos - glpi_items_devicecontrols" @ 2018-02-04 23:24:04 [@dercane-Inspiron-5458]
0 segundos for "Cambio de la estructura de la base de datos - glpi_items_devicedrives" @ 2018-02-04 23:24:04 [@dercane-Inspiron-5458]
0 segundos for "Cambio de la estructura de la base de datos - glpi_items_devicegraphiccards" @ 2018-02-04 23:24:04 [@dercane-Inspiron-5458]
0 segundos for "Cambio de la estructura de la base de datos - glpi_items_deviceharddrives" @ 2018-02-04 23:24:04 [@dercane-Inspiron-5458]
0 segundos for "Cambio de la estructura de la base de datos - glpi_items_devicememories" @ 2018-02-04 23:24:04 [@dercane-Inspiron-5458]
0 segundos for "Cambio de la estructura de la base de datos - glpi_items_devicemotherboards" @ 2018-02-04 23:24:04 [@dercane-Inspiron-5458]
0 segundos for "Cambio de la estructura de la base de datos - glpi_items_devicenetworkcards" @ 2018-02-04 23:24:04 [@dercane-Inspiron-5458]
0 segundos for "Cambio de la estructura de la base de datos - glpi_items_devicepcis" @ 2018-02-04 23:24:04 [@dercane-Inspiron-5458]
0 segundos for "Cambio de la estructura de la base de datos - glpi_items_devicepowersupplies" @ 2018-02-04 23:24:04 [@dercane-Inspiron-5458]
0 segundos for "Cambio de la estructura de la base de datos - glpi_items_deviceprocessors" @ 2018-02-04 23:24:04 [@dercane-Inspiron-5458]
0 segundos for "Cambio de la estructura de la base de datos - glpi_items_devicesoundcards" @ 2018-02-04 23:24:04 [@dercane-Inspiron-5458]
0 segundos for "Cambio de la estructura de la base de datos - glpi_devicecases" @ 2018-02-04 23:24:04 [@dercane-Inspiron-5458]
0 segundos for "Cambio de la estructura de la base de datos - glpi_devicecontrols" @ 2018-02-04 23:24:04 [@dercane-Inspiron-5458]
0 segundos for "Cambio de la estructura de la base de datos - glpi_devicedrives" @ 2018-02-04 23:24:04 [@dercane-Inspiron-5458]
0 segundos for "Cambio de la estructura de la base de datos - glpi_devicegraphiccards" @ 2018-02-04 23:24:04 [@dercane-Inspiron-5458]
0 segundos for "Cambio de la estructura de la base de datos - glpi_deviceharddrives" @ 2018-02-04 23:24:05 [@dercane-Inspiron-5458]
1 segundo for "Cambio de la estructura de la base de datos - glpi_devicememories" @ 2018-02-04 23:24:05 [@dercane-Inspiron-5458]
0 segundos for "Cambio de la estructura de la base de datos - glpi_devicemotherboards" @ 2018-02-04 23:24:05 [@dercane-Inspiron-5458]
0 segundos for "Cambio de la estructura de la base de datos - glpi_devicenetworkcards" @ 2018-02-04 23:24:05 [@dercane-Inspiron-5458]
0 segundos for "Cambio de la estructura de la base de datos - glpi_devicepcis" @ 2018-02-04 23:24:05 [@dercane-Inspiron-5458]
0 segundos for "Cambio de la estructura de la base de datos - glpi_devicepowersupplies" @ 2018-02-04 23:24:05 [@dercane-Inspiron-5458]
0 segundos for "Cambio de la estructura de la base de datos - glpi_deviceprocessors" @ 2018-02-04 23:24:05 [@dercane-Inspiron-5458]
0 segundos for "Cambio de la estructura de la base de datos - glpi_devicesoundcards" @ 2018-02-04 23:24:05 [@dercane-Inspiron-5458]
0 segundos for "Cambio de la estructura de la base de datos - glpi_softwarelicenses" @ 2018-02-04 23:24:05 [@dercane-Inspiron-5458]
0 segundos for "Cambio de la estructura de la base de datos - glpi_tickettasks" @ 2018-02-04 23:24:05 [@dercane-Inspiron-5458]
0 segundos for "Cambio de la estructura de la base de datos - glpi_problemtasks" @ 2018-02-04 23:24:05 [@dercane-Inspiron-5458]
0 segundos for "Cambio de la estructura de la base de datos - glpi_changetasks" @ 2018-02-04 23:24:05 [@dercane-Inspiron-5458]
0 segundos for "Cambio de la estructura de la base de datos - glpi_slalevels" @ 2018-02-04 23:24:10 [@dercane-Inspiron-5458]
5 segundos for "Cambio de la estructura de la base de datos - glpi_tickets" @ 2018-02-04 23:24:14 [@dercane-Inspiron-5458]
4 segundos for "Cambio de la estructura de la base de datos - glpi_tickets" @ 2018-02-04 23:24:18 [@dercane-Inspiron-5458]
4 segundos for "Cambio de la estructura de la base de datos - glpi_tickets" @ 2018-02-04 23:24:22 [@dercane-Inspiron-5458]
4 segundos for "Cambio de la estructura de la base de datos - glpi_tickets" @ 2018-02-04 23:24:26 [@dercane-Inspiron-5458]
4 segundos for "Cambio de la estructura de la base de datos - glpi_tickets" @ 2018-02-04 23:24:30 [@dercane-Inspiron-5458]
4 segundos for "Cambio de la estructura de la base de datos - glpi_tickets" @ 2018-02-04 23:24:34 [@dercane-Inspiron-5458]
4 segundos for "Cambio de la estructura de la base de datos - glpi_tickets" @ 2018-02-04 23:24:38 [@dercane-Inspiron-5458]
4 segundos for "Cambio de la estructura de la base de datos - glpi_tickets" @ 2018-02-04 23:24:43 [@dercane-Inspiron-5458]
5 segundos for "Cambio de la estructura de la base de datos - glpi_tickets" @ 2018-02-04 23:24:43 [@dercane-Inspiron-5458]
0 segundos for "Cambio de la estructura de la base de datos - glpi_changes" @ 2018-02-04 23:24:43 [@dercane-Inspiron-5458]
0 segundos for "Cambio de la estructura de la base de datos - glpi_problems" @ 2018-02-04 23:24:43 [@dercane-Inspiron-5458]
0 segundos for "Cambio de la estructura de la base de datos - glpi_notifications" @ 2018-02-04 23:24:44 [@dercane-Inspiron-5458]
1 segundo for "Migraci칩n de datos - glpi_displaypreferences" @ 2018-02-04 23:24:46 [@dercane-Inspiron-5458]
2 segundos for "Cambio de la estructura de la base de datos - glpi_states" @ 2018-02-04 23:24:47 [@dercane-Inspiron-5458]
1 segundo for "Cambio de la estructura de la base de datos - glpi_documentcategories" @ 2018-02-04 23:24:47 [@dercane-Inspiron-5458]
0 segundos for "Cambio de la estructura de la base de datos - glpi_states" @ 2018-02-04 23:24:47 [@dercane-Inspiron-5458]
0 segundos for "Cambio de la estructura de la base de datos - glpi_tickets_tickets" @ 2018-02-04 23:24:47 [@dercane-Inspiron-5458]
0 segundos for "Cambio de la estructura de la base de datos - glpi_tickettemplatehiddenfields" @ 2018-02-04 23:24:47 [@dercane-Inspiron-5458]
0 segundos for "Cambio de la estructura de la base de datos - glpi_tickettemplatemandatoryfields" @ 2018-02-04 23:24:47 [@dercane-Inspiron-5458]
0 segundos for "Cambio de la estructura de la base de datos - glpi_softwarelicenses" @ 2018-02-04 23:24:47 [@dercane-Inspiron-5458]
0 segundos for "Cambio de la estructura de la base de datos - glpi_infocoms" @ 2018-02-04 23:24:47 [@dercane-Inspiron-5458]
0 segundos for "Cambio de la estructura de la base de datos - glpi_monitors" @ 2018-02-04 23:24:47 [@dercane-Inspiron-5458]
0 segundos for "Cambio de la estructura de la base de datos - glpi_softwarelicensetypes" @ 2018-02-04 23:24:47 [@dercane-Inspiron-5458]
0 segundos for "Cambio de la estructura de la base de datos - glpi_knowbaseitemtranslations" @ 2018-02-04 23:24:47 [@dercane-Inspiron-5458]
0 segundos for "Cambio de la estructura de la base de datos - glpi_taskcategories" @ 2018-02-04 23:24:49 [@dercane-Inspiron-5458]
2 segundos for "Cambio de la estructura de la base de datos - glpi_documents_items" @ 2018-02-04 23:24:50 [@dercane-Inspiron-5458]
1 segundo for "Cambio de la estructura de la base de datos - glpi_computermodels" @ 2018-02-04 23:24:50 [@dercane-Inspiron-5458]
0 segundos for "Cambio de la estructura de la base de datos - glpi_printermodels" @ 2018-02-04 23:24:50 [@dercane-Inspiron-5458]
0 segundos for "Cambio de la estructura de la base de datos - glpi_networkequipmentmodels" @ 2018-02-04 23:24:50 [@dercane-Inspiron-5458]
0 segundos for "Cambio de la estructura de la base de datos - glpi_phonemodels" @ 2018-02-04 23:24:50 [@dercane-Inspiron-5458]
0 segundos for "Cambio de la estructura de la base de datos - glpi_peripheralmodels" @ 2018-02-04 23:24:50 [@dercane-Inspiron-5458]
0 segundos for "Cambio de la estructura de la base de datos - glpi_monitormodels" @ 2018-02-04 23:24:50 [@dercane-Inspiron-5458]
0 segundos for "Cambio de la estructura de la base de datos - glpi_items_devicecases" @ 2018-02-04 23:24:50 [@dercane-Inspiron-5458]
0 segundos for "Cambio de la estructura de la base de datos - glpi_items_devicecontrols" @ 2018-02-04 23:24:50 [@dercane-Inspiron-5458]
0 segundos for "Cambio de la estructura de la base de datos - glpi_items_devicedrives" @ 2018-02-04 23:24:50 [@dercane-Inspiron-5458]
0 segundos for "Cambio de la estructura de la base de datos - glpi_items_devicegraphiccards" @ 2018-02-04 23:24:50 [@dercane-Inspiron-5458]
0 segundos for "Cambio de la estructura de la base de datos - glpi_items_deviceharddrives" @ 2018-02-04 23:24:50 [@dercane-Inspiron-5458]
0 segundos for "Cambio de la estructura de la base de datos - glpi_items_devicememories" @ 2018-02-04 23:24:50 [@dercane-Inspiron-5458]
0 segundos for "Cambio de la estructura de la base de datos - glpi_items_devicemotherboards" @ 2018-02-04 23:24:50 [@dercane-Inspiron-5458]
0 segundos for "Cambio de la estructura de la base de datos - glpi_items_devicenetworkcards" @ 2018-02-04 23:24:50 [@dercane-Inspiron-5458]
0 segundos for "Cambio de la estructura de la base de datos - glpi_items_devicepcis" @ 2018-02-04 23:24:50 [@dercane-Inspiron-5458]
0 segundos for "Cambio de la estructura de la base de datos - glpi_items_devicepowersupplies" @ 2018-02-04 23:24:50 [@dercane-Inspiron-5458]
0 segundos for "Cambio de la estructura de la base de datos - glpi_items_deviceprocessors" @ 2018-02-04 23:24:50 [@dercane-Inspiron-5458]
0 segundos for "Cambio de la estructura de la base de datos - glpi_items_devicesoundcards" @ 2018-02-04 23:24:50 [@dercane-Inspiron-5458]
0 segundos for "Cambio de la estructura de la base de datos - glpi_devicecases" @ 2018-02-04 23:24:50 [@dercane-Inspiron-5458]
0 segundos for "Cambio de la estructura de la base de datos - glpi_devicecontrols" @ 2018-02-04 23:24:50 [@dercane-Inspiron-5458]
0 segundos for "Cambio de la estructura de la base de datos - glpi_devicedrives" @ 2018-02-04 23:24:50 [@dercane-Inspiron-5458]
0 segundos for "Cambio de la estructura de la base de datos - glpi_devicegraphiccards" @ 2018-02-04 23:24:50 [@dercane-Inspiron-5458]
0 segundos for "Cambio de la estructura de la base de datos - glpi_deviceharddrives" @ 2018-02-04 23:24:50 [@dercane-Inspiron-5458]
0 segundos for "Cambio de la estructura de la base de datos - glpi_devicememories" @ 2018-02-04 23:24:51 [@dercane-Inspiron-5458]
1 segundo for "Cambio de la estructura de la base de datos - glpi_devicemotherboards" @ 2018-02-04 23:24:51 [@dercane-Inspiron-5458]
0 segundos for "Cambio de la estructura de la base de datos - glpi_devicenetworkcards" @ 2018-02-04 23:24:51 [@dercane-Inspiron-5458]
0 segundos for "Cambio de la estructura de la base de datos - glpi_devicepcis" @ 2018-02-04 23:24:51 [@dercane-Inspiron-5458]
0 segundos for "Cambio de la estructura de la base de datos - glpi_devicepowersupplies" @ 2018-02-04 23:24:51 [@dercane-Inspiron-5458]
0 segundos for "Cambio de la estructura de la base de datos - glpi_deviceprocessors" @ 2018-02-04 23:24:51 [@dercane-Inspiron-5458]
0 segundos for "Cambio de la estructura de la base de datos - glpi_devicesoundcards" @ 2018-02-04 23:24:51 [@dercane-Inspiron-5458]
0 segundos for "Cambio de la estructura de la base de datos - glpi_tickettasks" @ 2018-02-04 23:24:51 [@dercane-Inspiron-5458]
0 segundos for "Cambio de la estructura de la base de datos - glpi_problemtasks" @ 2018-02-04 23:24:51 [@dercane-Inspiron-5458]
0 segundos for "Cambio de la estructura de la base de datos - glpi_changetasks" @ 2018-02-04 23:24:51 [@dercane-Inspiron-5458]
0 segundos for "Cambio de la estructura de la base de datos - glpi_slas" @ 2018-02-04 23:24:51 [@dercane-Inspiron-5458]
0 segundos for "Cambio de la estructura de la base de datos - glpi_slalevels" @ 2018-02-04 23:24:55 [@dercane-Inspiron-5458]
4 segundos for "Cambio de la estructura de la base de datos - glpi_tickets" @ 2018-02-04 23:24:55 [@dercane-Inspiron-5458]
0 segundos for "Cambio de la estructura de la base de datos - glpi_changes" @ 2018-02-04 23:24:55 [@dercane-Inspiron-5458]
0 segundos for "Cambio de la estructura de la base de datos - glpi_problems" @ 2018-02-04 23:24:55 [@dercane-Inspiron-5458]
0 segundos for "Cambio de la estructura de la base de datos - glpi_users" @ 2018-02-04 23:24:55 [@dercane-Inspiron-5458]
0 segundos for "Cambio de la estructura de la base de datos - glpi_computers" @ 2018-02-04 23:24:55 [@dercane-Inspiron-5458]
0 segundos for "Cambio de la estructura de la base de datos - glpi_entities" @ 2018-02-04 23:24:55 [@dercane-Inspiron-5458]
0 segundos for "Cambio de la estructura de la base de datos - glpi_phones" @ 2018-02-04 23:24:55 [@dercane-Inspiron-5458]
0 segundos for "Cambio de la estructura de la base de datos - glpi_networkequipments" @ 2018-02-04 23:24:55 [@dercane-Inspiron-5458]
0 segundos for "Cambio de la estructura de la base de datos - glpi_projects" @ 2018-02-04 23:24:55 [@dercane-Inspiron-5458]
0 segundos for "Cambio de la estructura de la base de datos - glpi_projecttasks" @ 2018-02-04 23:24:57 [@dercane-Inspiron-5458]
2 segundos for "Cambio de la estructura de la base de datos - glpi_ticketfollowups" @ 2018-02-04 23:24:59 [@dercane-Inspiron-5458]
2 segundos for "Cambio de la estructura de la base de datos - glpi_authldaps" @ 2018-02-04 23:24:59 [@dercane-Inspiron-5458]
0 segundos for "Cambio de la estructura de la base de datos - glpi_documentcategories" @ 2018-02-04 23:24:59 [@dercane-Inspiron-5458]
0 segundos for "Cambio de la estructura de la base de datos - glpi_states" @ 2018-02-04 23:24:59 [@dercane-Inspiron-5458]
0 segundos for "Cambio de la estructura de la base de datos - glpi_tickets_tickets" @ 2018-02-04 23:24:59 [@dercane-Inspiron-5458]
0 segundos for "Cambio de la estructura de la base de datos - glpi_tickettemplatehiddenfields" @ 2018-02-04 23:24:59 [@dercane-Inspiron-5458]
0 segundos for "Cambio de la estructura de la base de datos - glpi_tickettemplatemandatoryfields" @ 2018-02-04 23:24:59 [@dercane-Inspiron-5458]
0 segundos for "Cambio de la estructura de la base de datos - glpi_tickettemplatepredefinedfields" @ 2018-02-04 23:24:59 [@dercane-Inspiron-5458]
0 segundos for "Cambio de la estructura de la base de datos - glpi_networknames" @ 2018-02-04 23:24:59 [@dercane-Inspiron-5458]
0 segundos for "Cambio de la estructura de la base de datos - glpi_softwarelicenses" @ 2018-02-04 23:25:30 [@dercane-Inspiron-5458]
31 segundos for "Cambio de la estructura de la base de datos - glpi_ticketvalidations" @ 2018-02-04 23:25:30 [@dercane-Inspiron-5458]
0 segundos for "Configuration values added for login_remember_time, login_remember_default, use_notifications, notifications_mailing, notifications_ajax, notifications_ajax_check_interval, notifications_ajax_sound, notifications_ajax_icon_url, dbversion, smtp_max_retries, smtp_sender, from_email, from_email_name." @ 2018-02-04 23:25:30 [@dercane-Inspiron-5458]
0 segundos for "Tarea terminada." @ 