2018-02-04 23:23:25 [@dercane-Inspiron-5458]
0 segundos for "Añadir - Object Locks a la base de datos" @ 2018-02-04 23:23:25 [@dercane-Inspiron-5458]
0 segundos for "date_mod y date_creation" @ 2018-02-04 23:23:25 [@dercane-Inspiron-5458]
0 segundos for "Añadir date_creation to glpi_authldaps" @ 2018-02-04 23:23:25 [@dercane-Inspiron-5458]
0 segundos for "Cambio de la estructura de la base de datos - glpi_authldaps" @ 2018-02-04 23:23:25 [@dercane-Inspiron-5458]
0 segundos for "Añadir date_mod a glpi_blacklists" @ 2018-02-04 23:23:25 [@dercane-Inspiron-5458]
0 segundos for "Cambio de la estructura de la base de datos - glpi_blacklists" @ 2018-02-04 23:23:25 [@dercane-Inspiron-5458]
0 segundos for "Añadir date_creation to glpi_blacklists" @ 2018-02-04 23:23:25 [@dercane-Inspiron-5458]
0 segundos for "Cambio de la estructura de la base de datos - glpi_blacklists" @ 2018-02-04 23:23:25 [@dercane-Inspiron-5458]
0 segundos for "Añadir date_mod a glpi_blacklistedmailcontents" @ 2018-02-04 23:23:25 [@dercane-Inspiron-5458]
0 segundos for "Cambio de la estructura de la base de datos - glpi_blacklistedmailcontents" @ 2018-02-04 23:23:25 [@dercane-Inspiron-5458]
0 segundos for "Añadir date_creation to glpi_blacklistedmailcontents" @ 2018-02-04 23:23:25 [@dercane-Inspiron-5458]
0 segundos for "Cambio de la estructura de la base de datos - glpi_blacklistedmailcontents" @ 2018-02-04 23:23:25 [@dercane-Inspiron-5458]
0 segundos for "Añadir date_creation to glpi_budgets" @ 2018-02-04 23:23:25 [@dercane-Inspiron-5458]
0 segundos for "Cambio de la estructura de la base de datos - glpi_budgets" @ 2018-02-04 23:23:25 [@dercane-Inspiron-5458]
0 segundos for "Añadir date_creation to glpi_calendars" @ 2018-02-04 23:23:25 [@dercane-Inspiron-5458]
0 segundos for "Cambio de la estructura de la base de datos - glpi_calendars" @ 2018-02-04 23:23:25 [@dercane-Inspiron-5458]
0 segundos for "Añadir date_mod a glpi_cartridgeitemtypes" @ 2018-02-04 23:23:26 [@dercane-Inspiron-5458]
1 segundo for "Cambio de la estructura de la base de datos - glpi_cartridgeitemtypes" @ 2018-02-04 23:23:26 [@dercane-Inspiron-5458]
0 segundos for "Añadir date_creation to glpi_cartridgeitemtypes" @ 2018-02-04 23:23:26 [@dercane-Inspiron-5458]
0 segundos for "Cambio de la estructura de la base de datos - glpi_cartridgeitemtypes" @ 2018-02-04 23:23:26 [@dercane-Inspiron-5458]
0 segundos for "Añadir date_creation to glpi_changes" @ 2018-02-04 23:23:26 [@dercane-Inspiron-5458]
0 segundos for "Cambio de la estructura de la base de datos - glpi_changes" @ 2018-02-04 23:23:26 [@dercane-Inspiron-5458]
0 segundos for "Añadir date_mod a glpi_changetasks" @ 2018-02-04 23:23:26 [@dercane-Inspiron-5458]
0 segundos for "Cambio de la estructura de la base de datos - glpi_changetasks" @ 2018-02-04 23:23:26 [@dercane-Inspiron-5458]
0 segundos for "Añadir date_creation to glpi_changetasks" @ 2018-02-04 23:23:26 [@dercane-Inspiron-5458]
0 segundos for "Cambio de la estructura de la base de datos - glpi_changetasks" @ 2018-02-04 23:23:26 [@dercane-Inspiron-5458]
0 segundos for "Añadir date_mod a glpi_computerdisks" @ 2018-02-04 23:23:26 [@dercane-Inspiron-5458]
0 segundos for "Cambio de la estructura de la base de datos - glpi_computerdisks" @ 2018-02-04 23:23:26 [@dercane-Inspiron-5458]
0 segundos for "Añadir date_creation to glpi_computerdisks" @ 2018-02-04 23:23:26 [@dercane-Inspiron-5458]
0 segundos for "Cambio de la estructura de la base de datos - glpi_computerdisks" @ 2018-02-04 23:23:26 [@dercane-Inspiron-5458]
0 segundos for "Añadir date_mod a glpi_computervirtualmachines" @ 2018-02-04 23:23:26 [@dercane-Inspiron-5458]
0 segundos for "Cambio de la estructura de la base de datos - glpi_computervirtualmachines" @ 2018-02-04 23:23:26 [@dercane-Inspiron-5458]
0 segundos for "Añadir date_creation to glpi_computervirtualmachines" @ 2018-02-04 23:23:26 [@dercane-Inspiron-5458]
0 segundos for "Cambio de la estructura de la base de datos - glpi_computervirtualmachines" @ 2018-02-04 23:23:26 [@dercane-Inspiron-5458]
0 segundos for "Añadir date_mod a glpi_consumableitemtypes" @ 2018-02-04 23:23:26 [@dercane-Inspiron-5458]
0 segundos for "Cambio de la estructura de la base de datos - glpi_consumableitemtypes" @ 2018-02-04 23:23:26 [@dercane-Inspiron-5458]
0 segundos for "Añadir date_creation to glpi_consumableitemtypes" @ 2018-02-04 23:23:26 [@dercane-Inspiron-5458]
0 segundos for "Cambio de la estructura de la base de datos - glpi_consumableitemtypes" @ 2018-02-04 23:23:26 [@dercane-Inspiron-5458]
0 segundos for "Añadir date_mod a glpi_contacts" @ 2018-02-04 23:23:27 [@dercane-Inspiron-5458]
1 segundo for "Cambio de la estructura de la base de datos - glpi_contacts" @ 2018-02-04 23:23:27 [@dercane-Inspiron-5458]
0 segundos for "Añadir date_creation to glpi_contacts" @ 2018-02-04 23:23:27 [@dercane-Inspiron-5458]
0 segundos for "Cambio de la estructura de la base de datos - glpi_contacts" @ 2018-02-04 23:23:27 [@dercane-Inspiron-5458]
0 segundos for "Añadir date_mod a glpi_contacttypes" @ 2018-02-04 23:23:27 [@dercane-Inspiron-5458]
0 segundos for "Cambio de la estructura de la base de datos - glpi_contacttypes" @ 2018-02-04 23:23:27 [@dercane-Inspiron-5458]
0 segundos for "Añadir date_creation to glpi_contacttypes" @ 2018-02-04 23:23:27 [@dercane-Inspiron-5458]
0 segundos for "Cambio de la estructura de la base de datos - glpi_contacttypes" @ 2018-02-04 23:23:27 [@dercane-Inspiron-5458]
0 segundos for "Añadir date_mod a glpi_contracts" @ 2018-02-04 23:23:27 [@dercane-Inspiron-5458]
0 segundos for "Cambio de la estructura de la base de datos - glpi_contracts" @ 2018-02-04 23:23:27 [@dercane-Inspiron-5458]
0 segundos for "Añadir date_creation to glpi_contracts" @ 2018-02-04 23:23:27 [@dercane-Inspiron-5458]
0 segundos for "Cambio de la estructura de la base de datos - glpi_contracts" @ 2018-02-04 23:23:27 [@dercane-Inspiron-5458]
0 segundos for "Añadir date_mod a glpi_contracttypes" @ 2018-02-04 23:23:27 [@dercane-Inspiron-5458]
0 segundos for "Cambio de la estructura de la base de datos - glpi_contracttypes" @ 2018-02-04 23:23:27 [@dercane-Inspiron-5458]
0 segundos for "Añadir date_creation to glpi_contracttypes" @ 2018-02-04 23:23:27 [@dercane-Inspiron-5458]
0 segundos for "Cambio de la estructura de la base de datos - glpi_contracttypes" @ 2018-02-04 23:23:27 [@dercane-Inspiron-5458]
0 segundos for "Añadir date_mod a glpi_crontasks" @ 2018-02-04 23:23:27 [@dercane-Inspiron-5458]
0 segundos for "Cambio de la estructura de la base de datos - glpi_crontasks" @ 2018-02-04 23:23:27 [@dercane-Inspiron-5458]
0 segundos for "Añadir date_creation to glpi_crontasks" @ 2018-02-04 23:23:27 [@dercane-Inspiron-5458]
0 segundos for "Cambio de la estructura de la base de datos - glpi_crontasks" @ 2018-02-04 23:23:27 [@dercane-Inspiron-5458]
0 segundos for "Añadir date_mod a glpi_devicecasetypes" @ 2018-02-04 23:23:27 [@dercane-Inspiron-5458]
0 segundos for "Cambio de la estructura de la base de datos - glpi_devicecasetypes" @ 2018-02-04 23:23:27 [@dercane-Inspiron-5458]
0 segundos for "Añadir date_creation to glpi_devicecasetypes" @ 2018-02-04 23:23:27 [@dercane-Inspiron-5458]
0 segundos for "Cambio de la estructura de la base de datos - glpi_devicecasetypes" @ 2018-02-04 23:23:27 [@dercane-Inspiron-5458]
0 segundos for "Añadir date_mod a glpi_devicememorytypes" @ 2018-02-04 23:23:27 [@dercane-Inspiron-5458]
0 segundos for "Cambio de la estructura de la base de datos - glpi_devicememorytypes" @ 2018-02-04 23:23:27 [@dercane-Inspiron-5458]
0 segundos for "Añadir date_creation to glpi_devicememorytypes" @ 2018-02-04 23:23:27 [@dercane-Inspiron-5458]
0 segundos for "Cambio de la estructura de la base de datos - glpi_devicememorytypes" @ 2018-02-04 23:23:27 [@dercane-Inspiron-5458]
0 segundos for "Añadir date_creation to glpi_documents" @ 2018-02-04 23:23:29 [@dercane-Inspiron-5458]
2 segundos for "Cambio de la estructura de la base de datos - glpi_documents" @ 2018-02-04 23:23:29 [@dercane-Inspiron-5458]
0 segundos for "Añadir date_mod a glpi_documentcategories" @ 2018-02-04 23:23:29 [@dercane-Inspiron-5458]
0 segundos for "Cambio de la estructura de la base de datos - glpi_documentcategories" @ 2018-02-04 23:23:29 [@dercane-Inspiron-5458]
0 segundos for "Añadir date_creation to glpi_documentcategories" @ 2018-02-04 23:23:29 [@dercane-Inspiron-5458]
0 segundos for "Cambio de la estructura de la base de datos - glpi_documentcategories" @ 2018-02-04 23:23:29 [@dercane-Inspiron-5458]
0 segundos for "Añadir date_creation to glpi_documenttypes" @ 2018-02-04 23:23:29 [@dercane-Inspiron-5458]
0 segundos for "Cambio de la estructura de la base de datos - glpi_documenttypes" @ 2018-02-04 23:23:29 [@dercane-Inspiron-5458]
0 segundos for "Añadir date_mod a glpi_domains" @ 2018-02-04 23:23:29 [@dercane-Inspiron-5458]
0 segundos for "Cambio de la estructura de la base de datos - glpi_domains" @ 2018-02-04 23:23:29 [@dercane-Inspiron-5458]
0 segundos for "Añadir date_creation to glpi_domains" @ 2018-02-04 23:23:29 [@dercane-Inspiron-5458]
0 segundos for "Cambio de la estructura de la base de datos - glpi_domains" @ 2018-02-04 23:23:29 [@dercane-Inspiron-5458]
0 segundos for "Añadir date_mod a glpi_entities" @ 2018-02-04 23:23:29 [@dercane-Inspiron-5458]
0 segundos for "Cambio de la estructura de la base de datos - glpi_entities" @ 2018-02-04 23:23:29 [@dercane-Inspiron-5458]
0 segundos for "Añadir date_creation to glpi_entities" @ 2018-02-04 23:23:29 [@dercane-Inspiron-5458]
0 segundos for "Cambio de la estructura de la base de datos - glpi_entities" @ 2018-02-04 23:23:29 [@dercane-Inspiron-5458]
0 segundos for "Añadir date_mod a glpi_fqdns" @ 2018-02-04 23:23:29 [@dercane-Inspiron-5458]
0 segundos for "Cambio de la estructura de la base de datos - glpi_fqdns" @ 2018-02-04 23:23:29 [@dercane-Inspiron-5458]
0 segundos for "Añadir date_creation to glpi_fqdns" @ 2018-02-04 23:23:29 [@dercane-Inspiron-5458]
0 segundos for "Cambio de la estructura de la base de datos - glpi_fqdns" @ 2018-02-04 23:23:29 [@dercane-Inspiron-5458]
0 segundos for "Añadir date_mod a glpi_fieldblacklists" @ 2018-02-04 23:23:29 [@dercane-Inspiron-5458]
0 segundos for "Cambio de la estructura de la base de datos - glpi_fieldblacklists" @ 2018-02-04 23:23:29 [@dercane-Inspiron-5458]
0 segundos for "Añadir date_creation to glpi_fieldblacklists" @ 2018-02-04 23:23:29 [@dercane-Inspiron-5458]
0 segundos for "Cambio de la estructura de la base de datos - glpi_fieldblacklists" @ 2018-02-04 23:23:29 [@dercane-Inspiron-5458]
0 segundos for "Añadir date_mod a glpi_fieldunicities" @ 2018-02-04 23:23:29 [@dercane-Inspiron-5458]
0 segundos for "Cambio de la estructura de la base de datos - glpi_fieldunicities" @ 2018-02-04 23:23:29 [@dercane-Inspiron-5458]
0 segundos for "Añadir date_creation to glpi_fieldunicities" @ 2018-02-04 23:23:29 [@dercane-Inspiron-5458]
0 segundos for "Cambio de la estructura de la base de datos - glpi_fieldunicities" @ 2018-02-04 23:23:29 [@dercane-Inspiron-5458]
0 segundos for "Añadir date_mod a glpi_filesystems" @ 2018-02-04 23:23:29 [@dercane-Inspiron-5458]
0 segundos for "Cambio de la estructura de la base de datos - glpi_filesystems" @ 2018-02-04 23:23:29 [@dercane-Inspiron-5458]
0 segundos for "Añadir date_creation to glpi_filesystems" @ 2018-02-04 23:23:30 [@dercane-Inspiron-5458]
1 segundo for "Cambio de la estructura de la base de datos - glpi_filesystems" @ 2018-02-04 23:23:30 [@dercane-Inspiron-5458]
0 segundos for "Añadir date_creation to glpi_groups" @ 2018-02-04 23:23:30 [@dercane-Inspiron-5458]
0 segundos for "Cambio de la estructura de la base de datos - glpi_groups" @ 2018-02-04 23:23:30 [@dercane-Inspiron-5458]
0 segundos for "Añadir date_mod a glpi_holidays" @ 2018-02-04 23:23:30 [@dercane-Inspiron-5458]
0 segundos for "Cambio de la estructura de la base de datos - glpi_holidays" @ 2018-02-04 23:23:30 [@dercane-Inspiron-5458]
0 segundos for "Añadir date_creation to glpi_holidays" @ 2018-02-04 23:23:30 [@dercane-Inspiron-5458]
0 segundos for "Cambio de la estructura de la base de datos - glpi_holidays" @ 2018-02-04 23:23:30 [@dercane-Inspiron-5458]
0 segundos for "Añadir date_mod a glpi_infocoms" @ 2018-02-04 23:23:30 [@dercane-Inspiron-5458]
0 segundos for "Cambio de la estructura de la base de datos - glpi_infocoms" @ 2018-02-04 23:23:30 [@dercane-Inspiron-5458]
0 segundos for "Añadir date_creation to glpi_infocoms" @ 2018-02-04 23:23:30 [@dercane-Inspiron-5458]
0 segundos for "Cambio de la estructura de la base de datos - glpi_infocoms" @ 2018-02-04 23:23:30 [@dercane-Inspiron-5458]
0 segundos for "Añadir date_mod a glpi_interfacetypes" @ 2018-02-04 23:23:30 [@dercane-Inspiron-5458]
0 segundos for "Cambio de la estructura de la base de datos - glpi_interfacetypes" @ 2018-02-04 23:23:30 [@dercane-Inspiron-5458]
0 segundos for "Añadir date_creation to glpi_interfacetypes" @ 2018-02-04 23:23:30 [@dercane-Inspiron-5458]
0 segundos for "Cambio de la estructura de la base de datos - glpi_interfacetypes" @ 2018-02-04 23:23:30 [@dercane-Inspiron-5458]
0 segundos for "Añadir date_mod a glpi_ipnetworks" @ 2018-02-04 23:23:30 [@dercane-Inspiron-5458]
0 segundos for "Cambio de la estructura de la base de datos - glpi_ipnetworks" @ 2018-02-04 23:23:30 [@dercane-Inspiron-5458]
0 segundos for "Añadir date_creation to glpi_ipnetworks" @ 2018-02-04 23:23:30 [@dercane-Inspiron-5458]
0 segundos for "Cambio de la estructura de la base de datos - glpi_ipnetworks" @ 2018-02-04 23:23:30 [@dercane-Inspiron-5458]
0 segundos for "Añadir date_mod a glpi_itilcategories" @ 2018-02-04 23:23:30 [@dercane-Inspiron-5458]
0 segundos for "Cambio de la estructura de la base de datos - glpi_itilcategories" @ 2018-02-04 23:23:30 [@dercane-Inspiron-5458]
0 segundos for "Añadir date_creation to glpi_itilcategories" @ 2018-02-04 23:23:30 [@dercane-Inspiron-5458]
0 segundos for "Cambio de la estructura de la base de datos - glpi_itilcategories" @ 2018-02-04 23:23:30 [@dercane-Inspiron-5458]
0 segundos for "Añadir date_mod a glpi_knowbaseitemcategories" @ 2018-02-04 23:23:30 [@dercane-Inspiron-5458]
0 segundos for "Cambio de la estructura de la base de datos - glpi_knowbaseitemcategories" @ 2018-02-04 23:23:30 [@dercane-Inspiron-5458]
0 segundos for "Añadir date_creation to glpi_knowbaseitemcategories" @ 2018-02-04 23:23:30 [@dercane-Inspiron-5458]
0 segundos for "Cambio de la estructura de la base de datos - glpi_knowbaseitemcategories" @ 2018-02-04 23:23:30 [@dercane-Inspiron-5458]
0 segundos for "Añadir date_mod a glpi_locations" @ 2018-02-04 23:23:30 [@dercane-Inspiron-5458]
0 segundos for "Cambio de la estructura de la base de datos - glpi_locations" @ 2018-02-04 23:23:30 [@dercane-Inspiron-5458]
0 segundos for "Añadir date_creation to glpi_locations" @ 2018-02-04 23:23:30 [@dercane-Inspiron-5458]
0 segundos for "Cambio de la estructura de la base de datos - glpi_locations" @ 2018-02-04 23:23:30 [@dercane-Inspiron-5458]
0 segundos for "Añadir date_mod a glpi_links" @ 2018-02-04 23:23:30 [@dercane-Inspiron-5458]
0 segundos for "Cambio de la estructura de la base de datos - glpi_links" @ 2018-02-04 23:23:30 [@dercane-Inspiron-5458]
0 segundos for "Añadir date_creation to glpi_links" @ 2018-02-04 23:23:31 [@dercane-Inspiron-5458]
1 segundo for "Cambio de la estructura de la base de datos - glpi_links" @ 2018-02-04 23:23:31 [@dercane-Inspiron-5458]
0 segundos for "Añadir date_creation to glpi_mailcollectors" @ 2018-02-04 23:23:31 [@dercane-Inspiron-5458]
0 segundos for "Cambio de la estructura de la base de datos - glpi_mailcollectors" @ 2018-02-04 23:23:31 [@dercane-Inspiron-5458]
0 segundos for "Añadir date_mod a glpi_manufacturers" @ 2018-02-04 23:23:31 [@dercane-Inspiron-5458]
0 segundos for "Cambio de la estructura de la base de datos - glpi_manufacturers" @ 2018-02-04 23:23:31 [@dercane-Inspiron-5458]
0 segundos for "Añadir date_creation to glpi_manufacturers" @ 2018-02-04 23:23:31 [@dercane-Inspiron-5458]
0 segundos for "Cambio de la estructura de la base de datos - glpi_manufacturers" @ 2018-02-04 23:23:31 [@dercane-Inspiron-5458]
0 segundos for "Añadir date_mod a glpi_netpoints" @ 2018-02-04 23:23:31 [@dercane-Inspiron-5458]
0 segundos for "Cambio de la estructura de la base de datos - glpi_netpoints" @ 2018-02-04 23:23:31 [@dercane-Inspiron-5458]
0 segundos for "Añadir date_creation to glpi_netpoints" @ 2018-02-04 23:23:31 [@dercane-Inspiron-5458]
0 segundos for "Cambio de la estructura de la base de datos - glpi_netpoints" @ 2018-02-04 23:23:31 [@dercane-Inspiron-5458]
0 segundos for "Añadir date_mod a glpi_networks" @ 2018-02-04 23:23:31 [@dercane-Inspiron-5458]
0 segundos for "Cambio de la estructura de la base de datos - glpi_networks" @ 2018-02-04 23:23:31 [@dercane-Inspiron-5458]
0 segundos for "Añadir date_creation to glpi_networks" @ 2018-02-04 23:23:31 [@dercane-Inspiron-5458]
0 segundos for "Cambio de la estructura de la base de datos - glpi_networks" @ 2018-02-04 23:23:31 [@dercane-Inspiron-5458]
0 segundos for "Añadir date_mod a glpi_networkequipmentfirmwares" @ 2018-02-04 23:23:31 [@dercane-Inspiron-5458]
0 segundos for "Cambio de la estructura de la base de datos - glpi_networkequipmentfirmwares" @ 2018-02-04 23:23:31 [@dercane-Inspiron-5458]
0 segundos for "Añadir date_creation to glpi_networkequipmentfirmwares" @ 2018-02-04 23:23:31 [@dercane-Inspiron-5458]
0 segundos for "Cambio de la estructura de la base de datos - glpi_networkequipmentfirmwares" @ 2018-02-04 23:23:31 [@dercane-Inspiron-5458]
0 segundos for "Añadir date_mod a glpi_networknames" @ 2018-02-04 23:23:31 [@dercane-Inspiron-5458]
0 segundos for "Cambio de la estructura de la base de datos - glpi_networknames" @ 2018-02-04 23:23:31 [@dercane-Inspiron-5458]
0 segundos for "Añadir date_creation to glpi_networknames" @ 2018-02-04 23:23:31 [@dercane-Inspiron-5458]
0 segundos for "Cambio de la estructura de la base de datos - glpi_networknames" @ 2018-02-04 23:23:31 [@dercane-Inspiron-5458]
0 segundos for "Añadir date_mod a glpi_networkports" @ 2018-02-04 23:23:31 [@dercane-Inspiron-5458]
0 segundos for "Cambio de la estructura de la base de datos - glpi_networkports" @ 2018-02-04 23:23:31 [@dercane-Inspiron-5458]
0 segundos for "Añadir date_creation to glpi_networkports" @ 2018-02-04 23:23:31 [@dercane-Inspiron-5458]
0 segundos for "Cambio de la estructura de la base de datos - glpi_networkports" @ 2018-02-04 23:23:32 [@dercane-Inspiron-5458]
1 segundo for "Añadir date_creation to glpi_notifications" @ 2018-02-04 23:23:32 [@dercane-Inspiron-5458]
0 segundos for "Cambio de la estructura de la base de datos - glpi_notifications" @ 2018-02-04 23:23:32 [@dercane-Inspiron-5458]
0 segundos for "Añadir date_creation to glpi_notificationtemplates" @ 2018-02-04 23:23:32 [@dercane-Inspiron-5458]
0 segundos for "Cambio de la estructura de la base de datos - glpi_notificationtemplates" @ 2018-02-04 23:23:32 [@dercane-Inspiron-5458]
0 segundos for "Añadir date_mod a glpi_phonepowersupplies" @ 2018-02-04 23:23:32 [@dercane-Inspiron-5458]
0 segundos for "Cambio de la estructura de la base de datos - glpi_phonepowersupplies" @ 2018-02-04 23:23:32 [@dercane-Inspiron-5458]
0 segundos for "Añadir date_creation to glpi_phonepowersupplies" @ 2018-02-04 23:23:32 [@dercane-Inspiron-5458]
0 segundos for "Cambio de la estructura de la base de datos - glpi_phonepowersupplies" @ 2018-02-04 23:23:32 [@dercane-Inspiron-5458]
0 segundos for "Añadir date_creation to glpi_problems" @ 2018-02-04 23:23:32 [@dercane-Inspiron-5458]
0 segundos for "Cambio de la estructura de la base de datos - glpi_problems" @ 2018-02-04 23:23:32 [@dercane-Inspiron-5458]
0 segundos for "Añadir date_mod a glpi_problemtasks" @ 2018-02-04 23:23:32 [@dercane-Inspiron-5458]
0 segundos for "Cambio de la estructura de la base de datos - glpi_problemtasks" @ 2018-02-04 23:23:32 [@dercane-Inspiron-5458]
0 segundos for "Añadir date_creation to glpi_problemtasks" @ 2018-02-04 23:23:32 [@dercane-Inspiron-5458]
0 segundos for "Cambio de la estructura de la base de datos - glpi_problemtasks" @ 2018-02-04 23:23:32 [@dercane-Inspiron-5458]
0 segundos for "Añadir date_creation to glpi_profiles" @ 2018-02-04 23:23:32 [@dercane-Inspiron-5458]
0 segundos for "Cambio de la estructura de la base de datos - glpi_profiles" @ 2018-02-04 23:23:32 [@dercane-Inspiron-5458]
0 segundos for "Añadir date_creation to glpi_projects" @ 2018-02-04 23:23:32 [@dercane-Inspiron-5458]
0 segundos for "Cambio de la estructura de la base de datos - glpi_projects" @ 2018-02-04 23:23:32 [@dercane-Inspiron-5458]
0 segundos for "Añadir date_mod a glpi_projectstates" @ 2018-02-04 23:23:32 [@dercane-Inspiron-5458]
0 segundos for "Cambio de la estructura de la base de datos - glpi_projectstates" @ 2018-02-04 23:23:32 [@dercane-Inspiron-5458]
0 segundos for "Añadir date_creation to glpi_projectstates" @ 2018-02-04 23:23:32 [@dercane-Inspiron-5458]
0 segundos for "Cambio de la estructura de la base de datos - glpi_projectstates" @ 2018-02-04 23:23:32 [@dercane-Inspiron-5458]
0 segundos for "Añadir date_mod a glpi_projecttasktypes" @ 2018-02-04 23:23:32 [@dercane-Inspiron-5458]
0 segundos for "Cambio de la estructura de la base de datos - glpi_projecttasktypes" @ 2018-02-04 23:23:32 [@dercane-Inspiron-5458]
0 segundos for "Añadir date_creation to glpi_projecttasktypes" @ 2018-02-04 23:23:32 [@dercane-Inspiron-5458]
0 segundos for "Cambio de la estructura de la base de datos - glpi_projecttasktypes" @ 2018-02-04 23:23:32 [@dercane-Inspiron-5458]
0 segundos for "Añadir date_mod a glpi_projecttypes" @ 2018-02-04 23:23:32 [@dercane-Inspiron-5458]
0 segundos for "Cambio de la estructura de la base de datos - glpi_projecttypes" @ 2018-02-04 23:23:32 [@dercane-Inspiron-5458]
0 segundos for "Añadir date_creation to glpi_projecttypes" @ 2018-02-04 23:23:32 [@dercane-Inspiron-5458]
0 segundos for "Cambio de la estructura de la base de datos - glpi_projecttypes" @ 2018-02-04 23:23:32 [@dercane-Inspiron-5458]
0 segundos for "Añadir date_creation to glpi_reminders" @ 2018-02-04 23:23:33 [@dercane-Inspiron-5458]
1 segundo for "Cambio de la estructura de la base de datos - glpi_reminders" @ 2018-02-04 23:23:33 [@dercane-Inspiron-5458]
0 segundos for "Añadir date_mod a glpi_requesttypes" @ 2018-02-04 23:23:33 [@dercane-Inspiron-5458]
0 segundos for "Cambio de la estructura de la base de datos - glpi_requesttypes" @ 2018-02-04 23:23:33 [@dercane-Inspiron-5458]
0 segundos for "Añadir date_creation to glpi_requesttypes" @ 2018-02-04 23:23:33 [@dercane-Inspiron-5458]
0 segundos for "Cambio de la estructura de la base de datos - glpi_requesttypes" @ 2018-02-04 23:23:33 [@dercane-Inspiron-5458]
0 segundos for "Añadir date_creation to glpi_rssfeeds" @ 2018-02-04 23:23:33 [@dercane-Inspiron-5458]
0 segundos for "Cambio de la estructura de la base de datos - glpi_rssfeeds" @ 2018-02-04 23:23:33 [@dercane-Inspiron-5458]
0 segundos for "Añadir date_creation to glpi_rules" @ 2018-02-04 23:23:33 [@dercane-Inspiron-5458]
0 segundos for "Cambio de la estructura de la base de datos - glpi_rules" @ 2018-02-04 23:23:33 [@dercane-Inspiron-5458]
0 segundos for "Añadir date_mod a glpi_rulerightparameters" @ 2018-02-04 23:23:33 [@dercane-Inspiron-5458]
0 segundos for "Cambio de la estructura de la base de datos - glpi_rulerightparameters" @ 2018-02-04 23:23:33 [@dercane-Inspiron-5458]
0 segundos for "Añadir date_creation to glpi_rulerightparameters" @ 2018-02-04 23:23:33 [@dercane-Inspiron-5458]
0 segundos for "Cambio de la estructura de la base de datos - glpi_rulerightparameters" @ 2018-02-04 23:23:33 [@dercane-Inspiron-5458]
0 segundos for "Añadir date_creation to glpi_slas" @ 2018-02-04 23:23:33 [@dercane-Inspiron-5458]
0 segundos for "Cambio de la estructura de la base de datos - glpi_slas" @ 2018-02-04 23:23:33 [@dercane-Inspiron-5458]
0 segundos for "Añadir date_mod a glpi_softwarelicensetypes" @ 2018-02-04 23:23:33 [@dercane-Inspiron-5458]
0 segundos for "Cambio de la estructura de la base de datos - glpi_softwarelicensetypes" @ 2018-02-04 23:23:33 [@dercane-Inspiron-5458]
0 segundos for "Añadir date_creation to glpi_softwarelicensetypes" @ 2018-02-04 23:23:33 [@dercane-Inspiron-5458]
0 segundos for "Cambio de la estructura de la base de datos - glpi_softwarelicensetypes" @ 2018-02-04 23:23:33 [@dercane-Inspiron-5458]
0 segundos for "Añadir date_mod a glpi_softwareversions" @ 2018-02-04 23:23:33 [@dercane-Inspiron-5458]
0 segundos for "Cambio de la estructura de la base de datos - glpi_softwareversions" @ 2018-02-04 23:23:33 [@dercane-Inspiron-5458]
0 segundos for "Añadir date_creation to glpi_softwareversions" @ 2018-02-04 23:23:33 [@dercane-Inspiron-5458]
0 segundos for "Cambio de la estructura de la base de datos - glpi_softwareversions" @ 2018-02-04 23:23:33 [@dercane-Inspiron-5458]
0 segundos for "Añadir date_mod a glpi_solutiontemplates" @ 2018-02-04 23:23:33 [@dercane-Inspiron-5458]
0 segundos for "Cambio de la estructura de la base de datos - glpi_solutiontemplates" @ 2018-02-04 23:23:33 [@dercane-Inspiron-5458]
0 segundos for "Añadir date_creation to glpi_solutiontemplates" @ 2018-02-04 23:23:33 [@dercane-Inspiron-5458]
0 segundos for "Cambio de la estructura de la base de datos - glpi_solutiontemplates" @ 2018-02-04 23:23:33 [@dercane-Inspiron-5458]
0 segundos for "Añadir date_mod a glpi_solutiontypes" @ 2018-02-04 23:23:33 [@dercane-Inspiron-5458]
0 segundos for "Cambio de la estructura de la base de datos - glpi_solutiontypes" @ 2018-02-04 23:23:33 [@dercane-Inspiron-5458]
0 segundos for "Añadir date_creation to glpi_solutiontypes" @ 2018-02-04 23:23:33 [@dercane-Inspiron-5458]
0 segundos for "Cambio de la estructura de la base de datos - glpi_solutiontypes" @ 2018-02-04 23:23:33 [@dercane-Inspiron-5458]
0 segundos for "Añadir date_mod a glpi_ssovariables" @ 2018-02-04 23:23:33 [@dercane-Inspiron-5458]
0 segundos for "Cambio de la estructura de la base de datos - glpi_ssovariables" @ 2018-02-04 23:23:33 [@dercane-Inspiron-5458]
0 segundos for "Añadir date_creation to glpi_ssovariables" @ 2018-02-04 23:23:34 [@dercane-Inspiron-5458]
1 segundo for "Cambio de la estructura de la base de datos - glpi_ssovariables" @ 2018-02-04 23:23:34 [@dercane-Inspiron-5458]
0 segundos for "Añadir date_mod a glpi_states" @ 2018-02-04 23:23:34 [@dercane-Inspiron-5458]
0 segundos for "Cambio de la estructura de la base de datos - glpi_states" @ 2018-02-04 23:23:34 [@dercane-Inspiron-5458]
0 segundos for "Añadir date_creation to glpi_states" @ 2018-02-04 23:23:34 [@dercane-Inspiron-5458]
0 segundos for "Cambio de la estructura de la base de datos - glpi_states" @ 2018-02-04 23:23:34 [@dercane-Inspiron-5458]
0 segundos for "Añadir date_mod a glpi_suppliers" @ 2018-02-04 23:23:34 [@dercane-Inspiron-5458]
0 segundos for "Cambio de la estructura de la base de datos - glpi_suppliers" @ 2018-02-04 23:23:34 [@dercane-Inspiron-5458]
0 segundos for "Añadir date_creation to glpi_suppliers" @ 2018-02-04 23:23:34 [@dercane-Inspiron-5458]
0 segundos for "Cambio de la estructura de la base de datos - glpi_suppliers" @ 2018-02-04 23:23:34 [@dercane-Inspiron-5458]
0 segundos for "Añadir date_mod a glpi_suppliertypes" @ 2018-02-04 23:23:34 [@dercane-Inspiron-5458]
0 segundos for "Cambio de la estructura de la base de datos - glpi_suppliertypes" @ 2018-02-04 23:23:34 [@dercane-Inspiron-5458]
0 segundos for "Añadir date_creation to glpi_suppliertypes" @ 2018-02-04 23:23:34 [@dercane-Inspiron-5458]
0 segundos for "Cambio de la estructura de la base de datos - glpi_suppliertypes" @ 2018-02-04 23:23:34 [@dercane-Inspiron-5458]
0 segundos for "Añadir date_mod a glpi_taskcategories" @ 2018-02-04 23:23:34 [@dercane-Inspiron-5458]
0 segundos for "Cambio de la estructura de la base de datos - glpi_taskcategories" @ 2018-02-04 23:23:34 [@dercane-Inspiron-5458]
0 segundos for "Añadir date_creation to glpi_taskcategories" @ 2018-02-04 23:23:34 [@dercane-Inspiron-5458]
0 segundos for "Cambio de la estructura de la base de datos - glpi_taskcategories" @ 2018-02-04 23:23:34 [@dercane-Inspiron-5458]
0 segundos for "Añadir date_creation to glpi_tickets" @ 2018-02-04 23:23:37 [@dercane-Inspiron-5458]
3 segundos for "Cambio de la estructura de la base de datos - glpi_tickets" @ 2018-02-04 23:23:37 [@dercane-Inspiron-5458]
0 segundos for "Añadir date_mod a glpi_ticketfollowups" @ 2018-02-04 23:23:39 [@dercane-Inspiron-5458]
2 segundos for "Cambio de la estructura de la base de datos - glpi_ticketfollowups" @ 2018-02-04 23:23:39 [@dercane-Inspiron-5458]
0 segundos for "Añadir date_creation to glpi_ticketfollowups" @ 2018-02-04 23:23:44 [@dercane-Inspiron-5458]
5 segundos for "Cambio de la estructura de la base de datos - glpi_ticketfollowups" @ 2018-02-04 23:23:44 [@dercane-Inspiron-5458]
0 segundos for "Añadir date_mod a glpi_tickettasks" @ 2018-02-04 23:23:44 [@dercane-Inspiron-5458]
0 segundos for "Cambio de la estructura de la base de datos - glpi_tickettasks" @ 2018-02-04 23:23:44 [@dercane-Inspiron-5458]
0 segundos for "Añadir date_creation to glpi_tickettasks" @ 2018-02-04 23:23:45 [@dercane-Inspiron-5458]
1 segundo for "Cambio de la estructura de la base de datos - glpi_tickettasks" @ 2018-02-04 23:23:45 [@dercane-Inspiron-5458]
0 segundos for "Añadir date_creation to glpi_users" @ 2018-02-04 23:23:45 [@dercane-Inspiron-5458]
0 segundos for "Cambio de la estructura de la base de datos - glpi_users" @ 2018-02-04 23:23:45 [@dercane-Inspiron-5458]
0 segundos for "Añadir date_mod a glpi_usercategories" @ 2018-02-04 23:23:45 [@dercane-Inspiron-5458]
0 segundos for "Cambio de la estructura de la base de datos - glpi_usercategories" @ 2018-02-04 23:23:45 [@dercane-Inspiron-5458]
0 segundos for "Añadir date_creation to glpi_usercategories" @ 2018-02-04 23:23:45 [@dercane-Inspiron-5458]
0 segundos for "Cambio de la estructura de la base de datos - glpi_usercategories" @ 2018-02-04 23:23:45 [@dercane-Inspiron-5458]
0 segundos for "Añadir date_mod a glpi_usertitles" @ 2018-02-04 23:23:45 [@dercane-Inspiron-5458]
0 segundos for "Cambio de la estructura de la base de datos - glpi_usertitles" @ 2018-02-04 23:23:45 [@dercane-Inspiron-5458]
0 segundos for "Añadir date_creation to glpi_usertitles" @ 2018-02-04 23:23:45 [@dercane-Inspiron-5458]
0 segundos for "Cambio de la estructura de la base de datos - glpi_usertitles" @ 2018-02-04 23:23:45 [@dercane-Inspiron-5458]
0 segundos for "Añadir date_mod a glpi_virtualmachinestates" @ 2018-02-04 23:23:45 [@dercane-Inspiron-5458]
0 segundos for "Cambio de la estructura de la base de datos - glpi_virtualmachinestates" @ 2018-02-04 23:23:45 [@dercane-Inspiron-5458]
0 segundos for "Añadir date_creation to glpi_virtualmachinestates" @ 2018-02-04 23:23:45 [@dercane-Inspiron-5458]
0 segundos for "Cambio de la estructura de la base de datos - glpi_virtualmachinestates" @ 2018-02-04 23:23:45 [@dercane-Inspiron-5458]
0 segundos for "Añadir date_mod a glpi_virtualmachinesystems" @ 2018-02-04 23:23:45 [@dercane-Inspiron-5458]
0 segundos for "Cambio de la estructura de la base de datos - glpi_virtualmachinesystems" @ 2018-02-04 23:23:45 [@dercane-Inspiron-5458]
0 segundos for "Añadir date_creation to glpi_virtualmachinesystems" @ 2018-02-04 23:23:45 [@dercane-Inspiron-5458]
0 segundos for "Cambio de la estructura de la base de datos - glpi_virtualmachinesystems" @ 2018-02-04 23:23:45 [@dercane-Inspiron-5458]
0 segundos for "Añadir date_mod a glpi_virtualmachinetypes" @ 2018-02-04 23:23:45 [@dercane-Inspiron-5458]
0 segundos for "Cambio de la estructura de la base de datos - glpi_virtualmachinetypes" @ 2018-02-04 23:23:45 [@dercane-Inspiron-5458]
0 segundos for "Añadir date_creation to glpi_virtualmachinetypes" @ 2018-02-04 23:23:45 [@dercane-Inspiron-5458]
0 segundos for "Cambio de la estructura de la base de datos - glpi_virtualmachinetypes" @ 2018-02-04 23:23:45 [@dercane-Inspiron-5458]
0 segundos for "Añadir date_mod a glpi_vlans" @ 2018-02-04 23:23:45 [@dercane-Inspiron-5458]
0 segundos for "Cambio de la estructura de la base de datos - glpi_vlans" @ 2018-02-04 23:23:45 [@dercane-Inspiron-5458]
0 segundos for "Añadir date_creation to glpi_vlans" @ 2018-02-04 23:23:45 [@dercane-Inspiron-5458]
0 segundos for "Cambio de la estructura de la base de datos - glpi_vlans" @ 2018-02-04 23:23:45 [@dercane-Inspiron-5458]
0 segundos for "Añadir date_mod a glpi_wifinetworks" @ 2018-02-04 23:23:45 [@dercane-Inspiron-5458]
0 segundos for "Cambio de la estructura de la base de datos - glpi_wifinetworks" @ 2018-02-04 23:23:45 [@dercane-Inspiron-5458]
0 segundos for "Añadir date_creation to glpi_wifinetworks" @ 2018-02-04 23:23:45 [@dercane-Inspiron-5458]
0 segundos for "Cambio de la estructura de la base de datos - glpi_wifinetworks" @ 2018-02-04 23:23:45 [@dercane-Inspiron-5458]
0 segundos for "Añadir date_mod a glpi_cartridges" @ 2018-02-04 23:23:46 [@dercane-Inspiron-5458]
1 segundo for "Cambio de la estructura de la base de datos - glpi_cartridges" @ 2018-02-04 23:23:46 [@dercane-Inspiron-5458]
0 segundos for "Añadir date_creation to glpi_cartridges" @ 2018-02-04 23:23:46 [@dercane-Inspiron-5458]
0 segundos for "Cambio de la estructura de la base de datos - glpi_cartridges" @ 2018-02-04 23:23:46 [@dercane-Inspiron-5458]
0 segundos for "Añadir date_mod a glpi_cartridgeitems" @ 2018-02-04 23:23:46 [@dercane-Inspiron-5458]
0 segundos for "Cambio de la estructura de la base de datos - glpi_cartridgeitems" @ 2018-02-04 23:23:46 [@dercane-Inspiron-5458]
0 segundos for "Añadir date_creation to glpi_cartridgeitems" @ 2018-02-04 23:23:46 [@dercane-Inspiron-5458]
0 segundos for "Cambio de la estructura de la base de datos - glpi_cartridgeitems" @ 2018-02-04 23:23:46 [@dercane-Inspiron-5458]
0 segundos for "Añadir date_creation to glpi_computers" @ 2018-02-04 23:23:46 [@dercane-Inspiron-5458]
0 segundos for "Cambio de la estructura de la base de datos - glpi_computers" @ 2018-02-04 23:23:46 [@dercane-Inspiron-5458]
0 segundos for "Añadir date_mod a glpi_consumables" @ 2018-02-04 23:23:46 [@dercane-Inspiron-5458]
0 segundos for "Cambio de la estructura de la base de datos - glpi_consumables" @ 2018-02-04 23:23:46 [@dercane-Inspiron-5458]
0 segundos for "Añadir date_creation to glpi_consumables" @ 2018-02-04 23:23:46 [@dercane-Inspiron-5458]
0 segundos for "Cambio de la estructura de la base de datos - glpi_consumables" @ 2018-02-04 23:23:46 [@dercane-Inspiron-5458]
0 segundos for "Añadir date_mod a glpi_consumableitems" @ 2018-02-04 23:23:46 [@dercane-Inspiron-5458]
0 segundos for "Cambio de la estructura de la base de datos - glpi_consumableitems" @ 2018-02-04 23:23:46 [@dercane-Inspiron-5458]
0 segundos for "Añadir date_creation to glpi_consumableitems" @ 2018-02-04 23:23:46 [@dercane-Inspiron-5458]
0 segundos for "Cambio de la estructura de la base de datos - glpi_consumableitems" @ 2018-02-04 23:23:46 [@dercane-Inspiron-5458]
0 segundos for "Añadir date_creation to glpi_monitors" @ 2018-02-04 23:23:46 [@dercane-Inspiron-5458]
0 segundos for "Cambio de la estructura de la base de datos - glpi_monitors" @ 2018-02-04 23:23:46 [@dercane-Inspiron-5458]
0 segundos for "Añadir date_creation to glpi_networkequipments" @ 2018-02-04 23:23:46 [@dercane-Inspiron-5458]
0 segundos for "Cambio de la estructura de la base de datos - glpi_networkequipments" @ 2018-02-04 23:23:46 [@dercane-Inspiron-5458]
0 segundos for "Añadir date_creation to glpi_peripherals" @ 2018-02-04 23:23:46 [@dercane-Inspiron-5458]
0 segundos for "Cambio de la estructura de la base de datos - glpi_peripherals" @ 2018-02-04 23:23:46 [@dercane-Inspiron-5458]
0 segundos for "Añadir date_creation to glpi_phones" @ 2018-02-04 23:23:46 [@dercane-Inspiron-5458]
0 segundos for "Cambio de la estructura de la base de datos - glpi_phones" @ 2018-02-04 23:23:46 [@dercane-Inspiron-5458]
0 segundos for "Añadir date_creation to glpi_printers" @ 2018-02-04 23:23:46 [@dercane-Inspiron-5458]
0 segundos for "Cambio de la estructura de la base de datos - glpi_printers" @ 2018-02-04 23:23:46 [@dercane-Inspiron-5458]
0 segundos for "Añadir date_creation to glpi_softwares" @ 2018-02-04 23:23:46 [@dercane-Inspiron-5458]
0 segundos for "Cambio de la estructura de la base de datos - glpi_softwares" @ 2018-02-04 23:23:46 [@dercane-Inspiron-5458]
0 segundos for "Añadir date_creation to glpi_softwarelicenses" @ 2018-02-04 23:23:47 [@dercane-Inspiron-5458]
1 segundo for "Cambio de la estructura de la base de datos - glpi_softwarelicenses" @ 2018-02-04 23:23:47 [@dercane-Inspiron-5458]
0 segundos for "Añadir date_mod a glpi_computermodels" @ 2018-02-04 23:23:47 [@dercane-Inspiron-5458]
0 segundos for "Cambio de la estructura de la base de datos - glpi_computermodels" @ 2018-02-04 23:23:47 [@dercane-Inspiron-5458]
0 segundos for "Añadir date_creation to glpi_computermodels" @ 2018-02-04 23:23:47 [@dercane-Inspiron-5458]
0 segundos for "Cambio de la estructura de la base de datos - glpi_computermodels" @ 2018-02-04 23:23:47 [@dercane-Inspiron-5458]
0 segundos for "Añadir date_mod a glpi_computertypes" @ 2018-02-04 23:23:47 [@dercane-Inspiron-5458]
0 segundos for "Cambio de la estructura de la base de datos - glpi_computertypes" @ 2018-02-04 23:23:47 [@dercane-Inspiron-5458]
0 segundos for "Añadir date_creation to glpi_computertypes" @ 2018-02-04 23:23:47 [@dercane-Inspiron-5458]
0 segundos for "Cambio de la estructura de la base de datos - glpi_computertypes" @ 2018-02-04 23:23:47 [@dercane-Inspiron-5458]
0 segundos for "Añadir date_mod a glpi_monitormodels" @ 2018-02-04 23:23:47 [@dercane-Inspiron-5458]
0 segundos for "Cambio de la estructura de la base de datos - glpi_monitormodels" @ 2018-02-04 23:23:47 [@dercane-Inspiron-5458]
0 segundos for "Añadir date_creation to glpi_monitormodels" @ 2018-02-04 23:23:47 [@dercane-Inspiron-5458]
0 segundos for "Cambio de la estructura de la base de datos - glpi_monitormodels" @ 2018-02-04 23:23:47 [@dercane-Inspiron-5458]
0 segundos for "Añadir date_mod a glpi_monitortypes" @ 2018-02-04 23:23:47 [@dercane-Inspiron-5458]
0 segundos for "Cambio de la estructura de la base de datos - glpi_monitortypes" @ 2018-02-04 23:23:47 [@dercane-Inspiron-5458]
0 segundos for "Añadir date_creation to glpi_monitortypes" @ 2018-02-04 23:23:47 [@dercane-Inspiron-5458]
0 segundos for "Cambio de la estructura de la base de datos - glpi_monitortypes" @ 2018-02-04 23:23:47 [@dercane-Inspiron-5458]
0 segundos for "Añadir date_mod a glpi_networkequipmentmodels" @ 2018-02-04 23:23:47 [@dercane-Inspiron-5458]
0 segundos for "Cambio de la estructura de la base de datos - glpi_networkequipmentmodels" @ 2018-02-04 23:23:47 [@dercane-Inspiron-5458]
0 segundos for "Añadir date_creation to glpi_networkequipmentmodels" @ 2018-02-04 23:23:47 [@dercane-Inspiron-5458]
0 segundos for "Cambio de la estructura de la base de datos - glpi_networkequipmentmodels" @ 2018-02-04 23:23:47 [@dercane-Inspiron-5458]
0 segundos for "Añadir date_mod a glpi_networkequipmenttypes" @ 2018-02-04 23:23:47 [@dercane-Inspiron-5458]
0 segundos for "Cambio de la estructura de la base de datos - glpi_networkequipmenttypes" @ 2018-02-04 23:23:47 [@dercane-Inspiron-5458]
0 segundos for "Añadir date_creation to glpi_networkequipmenttypes" @ 2018-02-04 23:23:47 [@dercane-Inspiron-5458]
0 segundos for "Cambio de la estructura de la base de datos - glpi_networkequipmenttypes" @ 2018-02-04 23:23:47 [@dercane-Inspiron-5458]
0 segundos for "Añadir date_mod a glpi_operatingsystems" @ 2018-02-04 23:23:47 [@dercane-Inspiron-5458]
0 segundos for "Cambio de la estructura de la base de datos - glpi_operatingsystems" @ 2018-02-04 23:23:47 [@dercane-Inspiron-5458]
0 segundos for "Añadir date_creation to glpi_operatingsystems" @ 2018-02-04 23:23:47 [@dercane-Inspiron-5458]
0 segundos for "Cambio de la estructura de la base de datos - glpi_operatingsystems" @ 2018-02-04 23:23:47 [@dercane-Inspiron-5458]
0 segundos for "Añadir date_mod a glpi_operatingsystemservicepacks" @ 2018-02-04 23:23:47 [@dercane-Inspiron-5458]
0 segundos for "Cambio de la estructura de la base de datos - glpi_operatingsystemservicepacks" @ 2018-02-04 23:23:47 [@dercane-Inspiron-5458]
0 segundos for "Añadir date_creation to glpi_operatingsystemservicepacks" @ 2018-02-04 23:23:48 [@dercane-Inspiron-5458]
1 segundo for "Cambio de la estructura de la base de datos - glpi_operatingsystemservicepacks" @ 2018-02-04 23:23:48 [@dercane-Inspiron-5458]
0 segundos for "Añadir date_mod a glpi_operatingsystemversions" @ 2018-02-04 23:23:48 [@dercane-Inspiron-5458]
0 segundos for "Cambio de la estructura de la base de datos - glpi_operatingsystemversions" @ 2018-02-04 23:23:48 [@dercane-Inspiron-5458]
0 segundos for "Añadir date_creation to glpi_operatingsystemversions" @ 2018-02-04 23:23:48 [@dercane-Inspiron-5458]
0 segundos for "Cambio de la estructura de la base de datos - glpi_operatingsystemversions" @ 2018-02-04 23:23:48 [@dercane-Inspiron-5458]
0 segundos for "Añadir date_mod a glpi_peripheralmodels" @ 2018-02-04 23:23:48 [@dercane-Inspiron-5458]
0 segundos for "Cambio de la estructura de la base de datos - glpi_peripheralmodels" @ 2018-02-04 23:23:48 [@dercane-Inspiron-5458]
0 segundos for "Añadir date_creation to glpi_peripheralmodels" @ 2018-02-04 23:23:48 [@dercane-Inspiron-5458]
0 segundos for "Cambio de la estructura de la base de datos - glpi_peripheralmodels" @ 2018-02-04 23:23:48 [@dercane-Inspiron-5458]
0 segundos for "Añadir date_mod a glpi_peripheraltypes" @ 2018-02-04 23:23:48 [@dercane-Inspiron-5458]
0 segundos for "Cambio de la estructura de la base de datos - glpi_peripheraltypes" @ 2018-02-04 23:23:48 [@dercane-Inspiron-5458]
0 segundos for "Añadir date_creation to glpi_peripheraltypes" @ 2018-02-04 23:23:48 [@dercane-Inspiron-5458]
0 segundos for "Cambio de la estructura de la base de datos - glpi_peripheraltypes" @ 2018-02-04 23:23:48 [@dercane-Inspiron-5458]
0 segundos for "Añadir date_mod a glpi_phonemodels" @ 2018-02-04 23:23:48 [@dercane-Inspiron-5458]
0 segundos for "Cambio de la estructura de la base de datos - glpi_phonemodels" @ 2018-02-04 23:23:48 [@dercane-Inspiron-5458]
0 segundos for "Añadir date_creation to glpi_phonemodels" @ 2018-02-04 23:23:48 [@dercane-Inspiron-5458]
0 segundos for "Cambio de la estructura de la base de datos - glpi_phonemodels" @ 2018-02-04 23:23:48 [@dercane-Inspiron-5458]
0 segundos for "Añadir date_mod a glpi_phonetypes" @ 2018-02-04 23:23:48 [@dercane-Inspiron-5458]
0 segundos for "Cambio de la estructura de la base de datos - glpi_phonetypes" @ 2018-02-04 23:23:48 [@dercane-Inspiron-5458]
0 segundos for "Añadir date_creation to glpi_phonetypes" @ 2018-02-04 23:23:48 [@dercane-Inspiron-5458]
0 segundos for "Cambio de la estructura de la base de datos - glpi_phonetypes" @ 2018-02-04 23:23:48 [@dercane-Inspiron-5458]
0 segundos for "Añadir date_mod a glpi_printermodels" @ 2018-02-04 23:23:48 [@dercane-Inspiron-5458]
0 segundos for "Cambio de la estructura de la base de datos - glpi_printermodels" @ 2018-02-04 23:23:48 [@dercane-Inspiron-5458]
0 segundos for "Añadir date_creation to glpi_printermodels" @ 2018-02-04 23:23:48 [@dercane-Inspiron-5458]
0 segundos for "Cambio de la estructura de la base de datos - glpi_printermodels" @ 2018-02-04 23:23:48 [@dercane-Inspiron-5458]
0 segundos for "Añadir date_mod a glpi_printertypes" @ 2018-02-04 23:23:48 [@dercane-Inspiron-5458]
0 segundos for "Cambio de la estructura de la base de datos - glpi_printertypes" @ 2018-02-04 23:23:48 [@dercane-Inspiron-5458]
0 segundos for "Añadir date_creation to glpi_printertypes" @ 2018-02-04 23:23:49 [@dercane-Inspiron-5458]
1 segundo for "Cambio de la estructura de la base de datos - glpi_printertypes" @ 2018-02-04 23:23:49 [@dercane-Inspiron-5458]
0 segundos for "Añadir date_mod a glpi_devicemotherboards" @ 2018-02-04 23:23:49 [@dercane-Inspiron-5458]
0 segundos for "Cambio de la estructura de la base de datos - glpi_devicemotherboards" @ 2018-02-04 23:23:49 [@dercane-Inspiron-5458]
0 segundos for "Añadir date_creation to glpi_devicemotherboards" @ 2018-02-04 23:23:49 [@dercane-Inspiron-5458]
0 segundos for "Cambio de la estructura de la base de datos - glpi_devicemotherboards" @ 2018-02-04 23:23:49 [@dercane-Inspiron-5458]
0 segundos for "Añadir date_mod a glpi_deviceprocessors" @ 2018-02-04 23:23:49 [@dercane-Inspiron-5458]
0 segundos for "Cambio de la estructura de la base de datos - glpi_deviceprocessors" @ 2018-02-04 23:23:49 [@dercane-Inspiron-5458]
0 segundos for "Añadir date_creation to glpi_deviceprocessors" @ 2018-02-04 23:23:49 [@dercane-Inspiron-5458]
0 segundos for "Cambio de la estructura de la base de datos - glpi_deviceprocessors" @ 2018-02-04 23:23:49 [@dercane-Inspiron-5458]
0 segundos for "Añadir date_mod a glpi_devicememories" @ 2018-02-04 23:23:49 [@dercane-Inspiron-5458]
0 segundos for "Cambio de la estructura de la base de datos - glpi_devicememories" @ 2018-02-04 23:23:49 [@dercane-Inspiron-5458]
0 segundos for "Añadir date_creation to glpi_devicememories" @ 2018-02-04 23:23:49 [@dercane-Inspiron-5458]
0 segundos for "Cambio de la estructura de la base de datos - glpi_devicememories" @ 2018-02-04 23:23:49 [@dercane-Inspiron-5458]
0 segundos for "Añadir date_mod a glpi_deviceharddrives" @ 2018-02-04 23:23:49 [@dercane-Inspiron-5458]
0 segundos for "Cambio de la estructura de la base de datos - glpi_deviceharddrives" @ 2018-02-04 23:23:49 [@dercane-Inspiron-5458]
0 segundos for "Añadir date_creation to glpi_deviceharddrives" @ 2018-02-04 23:23:49 [@dercane-Inspiron-5458]
0 segundos for "Cambio de la estructura de la base de datos - glpi_deviceharddrives" @ 2018-02-04 23:23:49 [@dercane-Inspiron-5458]
0 segundos for "Añadir date_mod a glpi_devicenetworkcards" @ 2018-02-04 23:23:49 [@dercane-Inspiron-5458]
0 segundos for "Cambio de la estructura de la base de datos - glpi_devicenetworkcards" @ 2018-02-04 23:23:49 [@dercane-Inspiron-5458]
0 segundos for "Añadir date_creation to glpi_devicenetworkcards" @ 2018-02-04 23:23:49 [@dercane-Inspiron-5458]
0 segundos for "Cambio de la estructura de la base de datos - glpi_devicenetworkcards" @ 2018-02-04 23:23:49 [@dercane-Inspiron-5458]
0 segundos for "Añadir date_mod a glpi_devicedrives" @ 2018-02-04 23:23:49 [@dercane-Inspiron-5458]
0 segundos for "Cambio de la estructura de la base de datos - glpi_devicedrives" @ 2018-02-04 23:23:49 [@dercane-Inspiron-5458]
0 segundos for "Añadir date_creation to glpi_devicedrives" @ 2018-02-04 23:23:49 [@dercane-Inspiron-5458]
0 segundos for "Cambio de la estructura de la base de datos - glpi_devicedrives" @ 2018-02-04 23:23:49 [@dercane-Inspiron-5458]
0 segundos for "Añadir date_mod a glpi_devicegraphiccards" @ 2018-02-04 23:23:49 [@dercane-Inspiron-5458]
0 segundos for "Cambio de la estructura de la base de datos - glpi_devicegraphiccards" @ 2018-02-04 23:23:49 [@dercane-Inspiron-5458]
0 segundos for "Añadir date_creation to glpi_devicegraphiccards" @ 2018-02-04 23:23:49 [@dercane-Inspiron-5458]
0 segundos for "Cambio de la estructura de la base de datos - glpi_devicegraphiccards" @ 2018-02-04 23:23:49 [@dercane-Inspiron-5458]
0 segundos for "Añadir date_mod a glpi_devicesoundcards" @ 2018-02-04 23:23:49 [@dercane-Inspiron-5458]
0 segundos for "Cambio de la estructura de la base de datos - glpi_devicesoundcards" @ 2018-02-04 23:23:49 [@dercane-Inspiron-5458]
0 segundos for "Añadir date_creation to glpi_devicesoundcards" @ 2018-02-04 23:23:49 [@dercane-Inspiron-5458]
0 segundos for "Cambio de la estructura de la base de datos - glpi_devicesoundcards" @ 2018-02-04 23:23:49 [@dercane-Inspiron-5458]
0 segundos for "Añadir date_mod a glpi_devicecontrols" @ 2018-02-04 23:23:50 [@dercane-Inspiron-5458]
1 segundo for "Cambio de la estructura de la base de datos - glpi_devicecontrols" @ 2018-02-04 23:23:50 [@dercane-Inspiron-5458]
0 segundos for "Añadir date_creation to glpi_devicecontrols" @ 2018-02-04 23:23:50 [@dercane-Inspiron-5458]
0 segundos for "Cambio de la estructura de la base de datos - glpi_devicecontrols" @ 2018-02-04 23:23:50 [@dercane-Inspiron-5458]
0 segundos for "Añadir date_mod a glpi_devicepcis" @ 2018-02-04 23:23:50 [@dercane-Inspiron-5458]
0 segundos for "Cambio de la estructura de la base de datos - glpi_devicepcis" @ 2018-02-04 23:23:50 [@dercane-Inspiron-5458]
0 segundos for "Añadir date_creation to glpi_devicepcis" @ 2018-02-04 23:23:50 [@dercane-Inspiron-5458]
0 segundos for "Cambio de la estructura de la base de datos - glpi_devicepcis" @ 2018-02-04 23:23:50 [@dercane-Inspiron-5458]
0 segundos for "Añadir date_mod a glpi_devicecases" @ 2018-02-04 23:23:50 [@dercane-Inspiron-5458]
0 segundos for "Cambio de la estructura de la base de datos - glpi_devicecases" @ 2018-02-04 23:23:50 [@dercane-Inspiron-5458]
0 segundos for "Añadir date_creation to glpi_devicecases" @ 2018-02-04 23:23:50 [@dercane-Inspiron-5458]
0 segundos for "Cambio de la estructura de la base de datos - glpi_devicecases" @ 2018-02-04 23:23:50 [@dercane-Inspiron-5458]
0 segundos for "Añadir date_mod a glpi_devicepowersupplies" @ 2018-02-04 23:23:50 [@dercane-Inspiron-5458]
0 segundos for "Cambio de la estructura de la base de datos - glpi_devicepowersupplies" @ 2018-02-04 23:23:50 [@dercane-Inspiron-5458]
0 segundos for "Añadir date_creation to glpi_devicepowersupplies" @ 2018-02-04 23:23:50 [@dercane-Inspiron-5458]
0 segundos for "Cambio de la estructura de la base de datos - glpi_devicepowersupplies" @ 2018-02-04 23:23:50 [@dercane-Inspiron-5458]
0 segundos for "Añadir date_mod a glpi_networkportethernets" @ 2018-02-04 23:23:50 [@dercane-Inspiron-5458]
0 segundos for "Cambio de la estructura de la base de datos - glpi_networkportethernets" @ 2018-02-04 23:23:50 [@dercane-Inspiron-5458]
0 segundos for "Añadir date_creation to glpi_networkportethernets" @ 2018-02-04 23:23:50 [@dercane-Inspiron-5458]
0 segundos for "Cambio de la estructura de la base de datos - glpi_networkportethernets" @ 2018-02-04 23:23:50 [@dercane-Inspiron-5458]
0 segundos for "Añadir date_mod a glpi_networkportwifis" @ 2018-02-04 23:23:50 [@dercane-Inspiron-5458]
0 segundos for "Cambio de la estructura de la base de datos - glpi_networkportwifis" @ 2018-02-04 23:23:50 [@dercane-Inspiron-5458]
0 segundos for "Añadir date_creation to glpi_networkportwifis" @ 2018-02-04 23:23:50 [@dercane-Inspiron-5458]
0 segundos for "Cambio de la estructura de la base de datos - glpi_networkportwifis" @ 2018-02-04 23:23:50 [@dercane-Inspiron-5458]
0 segundos for "Añadir date_mod a glpi_networkportaggregates" @ 2018-02-04 23:23:50 [@dercane-Inspiron-5458]
0 segundos for "Cambio de la estructura de la base de datos - glpi_networkportaggregates" @ 2018-02-04 23:23:50 [@dercane-Inspiron-5458]
0 segundos for "Añadir date_creation to glpi_networkportaggregates" @ 2018-02-04 23:23:50 [@dercane-Inspiron-5458]
0 segundos for "Cambio de la estructura de la base de datos - glpi_networkportaggregates" @ 2018-02-04 23:23:50 [@dercane-Inspiron-5458]
0 segundos for "Añadir date_mod a glpi_networkportaliases" @ 2018-02-04 23:23:50 [@dercane-Inspiron-5458]
0 segundos for "Cambio de la estructura de la base de datos - glpi_networkportaliases" @ 2018-02-04 23:23:50 [@dercane-Inspiron-5458]
0 segundos for "Añadir date_creation to glpi_networkportaliases" @ 2018-02-04 23:23:50 [@dercane-Inspiron-5458]
0 segundos for "Cambio de la estructura de la base de datos - glpi_networkportaliases" @ 2018-02-04 23:23:50 [@dercane-Inspiron-5458]
0 segundos for "Añadir date_mod a glpi_networkportdialups" @ 2018-02-04 23:23:50 [@dercane-Inspiron-5458]
0 segundos for "Cambio de la estructura de la base de datos - glpi_networkportdialups" @ 2018-02-04 23:23:50 [@dercane-Inspiron-5458]
0 segundos for "Añadir date_creation to glpi_networkportdialups" @ 2018-02-04 23:23:51 [@dercane-Inspiron-5458]
1 segundo for "Cambio de la estructura de la base de datos - glpi_networkportdialups" @ 2018-02-04 23:23:51 [@dercane-Inspiron-5458]
0 segundos for "Añadir date_mod a glpi_networkportlocals" @ 2018-02-04 23:23:51 [@dercane-Inspiron-5458]
0 segundos for "Cambio de la estructura de la base de datos - glpi_networkportlocals" @ 2018-02-04 23:23:51 [@dercane-Inspiron-5458]
0 segundos for "Añadir date_creation to glpi_networkportlocals" @ 2018-02-04 23:23:51 [@dercane-Inspiron-5458]
0 segundos for "Cambio de la estructura de la base de datos - glpi_networkportlocals" @ 2018-02-04 23:23:51 [@dercane-Inspiron-5458]
0 segundos for "Migración de datos - glpi_displaypreferences" @ 2018-02-04 23:23:51 [@dercane-Inspiron-5458]
0 segundos for "Cambio de la estructura de la base de datos - glpi_slalevels" @ 2018-02-04 23:23:51 [@dercane-Inspiron-5458]
0 segundos for "Cambio de la estructura de la base de datos - glpi_tickets" @ 2018-02-04 23:23:56 [@dercane-Inspiron-5458]
5 segundos for "Cambio de la estructura de la base de datos - glpi_tickets" @ 2018-02-04 23:23:56 [@dercane-Inspiron-5458]
0 segundos for "Cambio de la estructura de la base de datos - glpi_computers_softwareversions" @ 2018-02-04 23:23:56 [@dercane-Inspiron-5458]
0 segundos for "Cambio de la estructura de la base de datos - glpi_tickettemplatepredefinedfields" @ 2018-02-04 23:23:56 [@dercane-Inspiron-5458]
0 segundos for "Cambio de la estructura de la base de datos - glpi_softwarelicenses" @ 2018-02-04 23:23:56 [@dercane-Inspiron-5458]
0 segundos for "Cambio de la estructura de la base de datos - glpi_infocoms" @ 2018-02-04 23:23:56 [@dercane-Inspiron-5458]
0 segundos for "Cambio de la estructura de la base de datos - glpi_entities" @ 2018-02-04 23:23:56 [@dercane-Inspiron-5458]
0 segundos for "Cambio de la estructura de la base de datos - glpi_states" @ 2018-02-04 23:23:56 [@dercane-Inspiron-5458]
0 segundos for "Cambio de la estructura de la base de datos - glpi_computers" @ 2018-02-04 23:23:56 [@dercane-Inspiron-5458]
0 segundos for "Cambio de la estructura de la base de datos - glpi_monitors" @ 2018-02-04 23:23:56 [@dercane-Inspiron-5458]
0 segundos for "Cambio de la estructura de la base de datos - glpi_phones" @ 2018-02-04 23:23:56 [@dercane-Inspiron-5458]
0 segundos for "Cambio de la estructura de la base de datos - glpi_peripherals" @ 2018-02-04 23:23:56 [@dercane-Inspiron-5458]
0 segundos for "Cambio de la estructura de la base de datos - glpi_authldaps" @ 2018-02-04 23:23:56 [@dercane-Inspiron-5458]
0 segundos for "Cambio de la estructura de la base de datos - glpi_slalevels" @ 2018-02-04 23:24:00 [@dercane-Inspiron-5458]
4 segundos for "Cambio de la estructura de la base de datos - glpi_tickets" @ 2018-02-04 23:24:00 [@dercane-Inspiron-5458]
0 segundos for "Cambio de la estructura de la base de datos - glpi_slalevels_tickets" @ 2018-02-04 23:24:00 [@dercane-Inspiron-5458]
0 segundos for "Cambio de la estructura de la base de datos - glpi_users" @ 2018-02-04 23:24:00 [@dercane-Inspiron-5458]
0 segundos for "Cambio de la estructura de la base de datos - glpi_tickettasks" @ 2018-02-04 23:24:00 [@dercane-Inspiron-5458]
0 segundos for "Cambio de la estructura de la base de datos - glpi_changetasks" @ 2018-02-04 23:24:00 [@dercane-Inspiron-5458]
0 segundos for "Cambio de la estructura de la base de datos - glpi_problemtasks" @ 2018-02-04 23:24:00 [@dercane-Inspiron-5458]
0 segundos for "Cambio de la estructura de la base de datos - glpi_groups" @ 2018-02-04 23:24:00 [@dercane-Inspiron-5458]
0 segundos for "Cambio de la estructura de la base de datos - glpi_taskcategories" @ 2018-02-04 23:24:00 [@dercane-Inspiron-5458]
0 segundos for "Cambio de la estructura de la base de datos - glpi_requesttypes" @ 2018-02-04 23:24:00 [@dercane-Inspiron-5458]
0 segundos for "Tarea terminada." @ 