2018-02-04 23:06:09 [@dercane-Inspiron-5458]
glpi_blacklistedmailcontents table already exists. A backup have been done to backup_glpi_blacklistedmailcontents. @ 2018-02-04 23:06:09 [@dercane-Inspiron-5458]
glpi_changecosts table already exists. A backup have been done to backup_glpi_changecosts. @ 2018-02-04 23:06:09 [@dercane-Inspiron-5458]
glpi_changes table already exists. A backup have been done to backup_glpi_changes. @ 2018-02-04 23:06:09 [@dercane-Inspiron-5458]
glpi_changes_groups table already exists. A backup have been done to backup_glpi_changes_groups. @ 2018-02-04 23:06:09 [@dercane-Inspiron-5458]
glpi_changes_items table already exists. A backup have been done to backup_glpi_changes_items. @ 2018-02-04 23:06:09 [@dercane-Inspiron-5458]
glpi_changes_problems table already exists. A backup have been done to backup_glpi_changes_problems. @ 2018-02-04 23:06:09 [@dercane-Inspiron-5458]
glpi_changes_projects table already exists. A backup have been done to backup_glpi_changes_projects. @ 2018-02-04 23:06:09 [@dercane-Inspiron-5458]
glpi_changes_suppliers table already exists. A backup have been done to backup_glpi_changes_suppliers. @ 2018-02-04 23:06:09 [@dercane-Inspiron-5458]
glpi_changes_tickets table already exists. A backup have been done to backup_glpi_changes_tickets. @ 2018-02-04 23:06:09 [@dercane-Inspiron-5458]
glpi_changes_users table already exists. A backup have been done to backup_glpi_changes_users. @ 2018-02-04 23:06:09 [@dercane-Inspiron-5458]
glpi_changetasks table already exists. A backup have been done to backup_glpi_changetasks. @ 2018-02-04 23:06:09 [@dercane-Inspiron-5458]
glpi_changevalidations table already exists. A backup have been done to backup_glpi_changevalidations. @ 2018-02-04 23:06:09 [@dercane-Inspiron-5458]
glpi_dropdowntranslations table already exists. A backup have been done to backup_glpi_dropdowntranslations. @ 2018-02-04 23:06:10 [@dercane-Inspiron-5458]
glpi_knowbaseitemtranslations table already exists. A backup have been done to backup_glpi_knowbaseitemtranslations. @ 2018-02-04 23:06:10 [@dercane-Inspiron-5458]
glpi_notepads table already exists. A backup have been done to backup_glpi_notepads. @ 2018-02-04 23:06:10 [@dercane-Inspiron-5458]
glpi_problemcosts table already exists. A backup have been done to backup_glpi_problemcosts. @ 2018-02-04 23:06:10 [@dercane-Inspiron-5458]
glpi_projectcosts table already exists. A backup have been done to backup_glpi_projectcosts. @ 2018-02-04 23:06:10 [@dercane-Inspiron-5458]
glpi_projects table already exists. A backup have been done to backup_glpi_projects. @ 2018-02-04 23:06:10 [@dercane-Inspiron-5458]
glpi_projectstates table already exists. A backup have been done to backup_glpi_projectstates. @ 2018-02-04 23:06:10 [@dercane-Inspiron-5458]
glpi_projecttasks table already exists. A backup have been done to backup_glpi_projecttasks. @ 2018-02-04 23:06:10 [@dercane-Inspiron-5458]
glpi_projecttasks_tickets table already exists. A backup have been done to backup_glpi_projecttasks_tickets. @ 2018-02-04 23:06:10 [@dercane-Inspiron-5458]
glpi_projecttaskteams table already exists. A backup have been done to backup_glpi_projecttaskteams. @ 2018-02-04 23:06:10 [@dercane-Inspiron-5458]
glpi_projecttasktypes table already exists. A backup have been done to backup_glpi_projecttasktypes. @ 2018-02-04 23:06:10 [@dercane-Inspiron-5458]
glpi_projectteams table already exists. A backup have been done to backup_glpi_projectteams. @ 2018-02-04 23:06:10 [@dercane-Inspiron-5458]
glpi_projecttypes table already exists. A backup have been done to backup_glpi_projecttypes. @ 2018-02-04 23:06:10 [@dercane-Inspiron-5458]
glpi_queuedmails table already exists. A backup have been done to backup_glpi_queuedmails. @ 2018-02-04 23:06:10 [@dercane-Inspiron-5458]
You can delete backup tables if you have no need of them. @ 